# JRE version: OpenJDK Runtime Environment Temurin-21.0.12.1+1 (21.0.12.1+1) (build 21.0.12.1+1-LTS)
# Java VM: OpenJDK 64-Bit Server VM Temurin-21.0.12.1+1 (21.0.12.1+1-LTS, mixed mode, sharing, tiered, compressed oops, compressed class ptrs, g1 gc, windows-amd64)
GC Precious Log:
 CardTable entry size: 512
 Card Set container configuration: InlinePtr #cards 4 size 8 Array Of Cards #cards 32 size 80 Howl #buckets 8 coarsen threshold 7372 Howl Bitmap #cards 1024 size 144 coarsen threshold 921 Card regions per heap region 1 cards per card region 8192
 CPUs: 8 total, 8 available
 Memory: 7886M
 Large Page Support: Disabled
 NUMA Support: Disabled
 Compressed Oops: Enabled (Zero based)
 Heap Region Size: 4M
 Heap Min Capacity: 8M
 Heap Initial Capacity: 124M
 Heap Max Capacity: 8G
 Pre-touch: Disabled
 Parallel Workers: 8
 Concurrent Workers: 2
 Concurrent Refinement Workers: 8
 Periodic GC: Disabled
Heap:
 garbage-first heap   total 102400K, used 81619K [0x0000000600000000, 0x0000000800000000)
  region size 4096K, 9 young (36864K), 1 survivors (4096K)
 Metaspace       used 61583K, committed 63552K, reserved 1114112K
  class space    used 9023K, committed 9984K, reserved 1048576K
GC Heap History (20 events):
Event: 42.934 GC heap before
{Heap before GC invocations=6 (full 0):
 garbage-first heap   total 81920K, used 81728K [0x0000000600000000, 0x0000000800000000)
  region size 4096K, 16 young (65536K), 2 survivors (8192K)
 Metaspace       used 30145K, committed 31040K, reserved 1114112K
  class space    used 4437K, committed 4864K, reserved 1048576K
}
Event: 42.965 GC heap after
{Heap after GC invocations=7 (full 0):
 garbage-first heap   total 98304K, used 28683K [0x0000000600000000, 0x0000000800000000)
  region size 4096K, 2 young (8192K), 2 survivors (8192K)
 Metaspace       used 30145K, committed 31040K, reserved 1114112K
  class space    used 4437K, committed 4864K, reserved 1048576K
}
Event: 48.412 GC heap before
{Heap before GC invocations=7 (full 0):
 garbage-first heap   total 98304K, used 69643K [0x0000000600000000, 0x0000000800000000)
  region size 4096K, 13 young (53248K), 2 survivors (8192K)
 Metaspace       used 33868K, committed 34944K, reserved 1114112K
  class space    used 4813K, committed 5312K, reserved 1048576K
}
Event: 48.431 GC heap after
{Heap after GC invocations=8 (full 0):
 garbage-first heap   total 98304K, used 33049K [0x0000000600000000, 0x0000000800000000)
  region size 4096K, 2 young (8192K), 2 survivors (8192K)
 Metaspace       used 33868K, committed 34944K, reserved 1114112K
  class space    used 4813K, committed 5312K, reserved 1048576K
}
Event: 50.285 GC heap before
{Heap before GC invocations=8 (full 0):
 garbage-first heap   total 98304K, used 37145K [0x0000000600000000, 0x0000000800000000)
  region size 4096K, 4 young (16384K), 2 survivors (8192K)
 Metaspace       used 34877K, committed 35968K, reserved 1114112K
  class space    used 4969K, committed 5504K, reserved 1048576K
}
Event: 50.300 GC heap after
{Heap after GC invocations=9 (full 0):
 garbage-first heap   total 98304K, used 33274K [0x0000000600000000, 0x0000000800000000)
  region size 4096K, 1 young (4096K), 1 survivors (4096K)
 Metaspace       used 34877K, committed 35968K, reserved 1114112K
  class space    used 4969K, committed 5504K, reserved 1048576K
}
Event: 68.144 GC heap before
{Heap before GC invocations=10 (full 0):
 garbage-first heap   total 98304K, used 78330K [0x0000000600000000, 0x0000000800000000)
  region size 4096K, 12 young (49152K), 1 survivors (4096K)
 Metaspace       used 37741K, committed 39040K, reserved 1114112K
  class space    used 5314K, committed 5952K, reserved 1048576K
}
Event: 68.159 GC heap after
{Heap after GC invocations=11 (full 0):
 garbage-first heap   total 98304K, used 34387K [0x0000000600000000, 0x0000000800000000)
  region size 4096K, 2 young (8192K), 2 survivors (8192K)
 Metaspace       used 37741K, committed 39040K, reserved 1114112K
  class space    used 5314K, committed 5952K, reserved 1048576K
}
Event: 80.680 GC heap before
{Heap before GC invocations=11 (full 0):
 garbage-first heap   total 98304K, used 79443K [0x0000000600000000, 0x0000000800000000)
  region size 4096K, 13 young (53248K), 2 survivors (8192K)
 Metaspace       used 42980K, committed 44608K, reserved 1114112K
  class space    used 6182K, committed 6976K, reserved 1048576K
}
Event: 80.716 GC heap after
{Heap after GC invocations=12 (full 0):
 garbage-first heap   total 98304K, used 36718K [0x0000000600000000, 0x0000000800000000)
  region size 4096K, 1 young (4096K), 1 survivors (4096K)
 Metaspace       used 42980K, committed 44608K, reserved 1114112K
  class space    used 6182K, committed 6976K, reserved 1048576K
}
Event: 93.663 GC heap before
{Heap before GC invocations=12 (full 0):
 garbage-first heap   total 98304K, used 81774K [0x0000000600000000, 0x0000000800000000)
  region size 4096K, 12 young (49152K), 1 survivors (4096K)
 Metaspace       used 45446K, committed 47104K, reserved 1114112K
  class space    used 6590K, committed 7424K, reserved 1048576K
}
Event: 93.677 GC heap after
{Heap after GC invocations=13 (full 0):
 garbage-first heap   total 98304K, used 39192K [0x0000000600000000, 0x0000000800000000)
  region size 4096K, 2 young (8192K), 2 survivors (8192K)
 Metaspace       used 45446K, committed 47104K, reserved 1114112K
  class space    used 6590K, committed 7424K, reserved 1048576K
}
Event: 105.135 GC heap before
{Heap before GC invocations=13 (full 0):
 garbage-first heap   total 98304K, used 80152K [0x0000000600000000, 0x0000000800000000)
  region size 4096K, 12 young (49152K), 2 survivors (8192K)
 Metaspace       used 49490K, committed 51200K, reserved 1114112K
  class space    used 7218K, committed 8064K, reserved 1048576K
}
Event: 105.160 GC heap after
{Heap after GC invocations=14 (full 0):
 garbage-first heap   total 98304K, used 41054K [0x0000000600000000, 0x0000000800000000)
  region size 4096K, 2 young (8192K), 2 survivors (8192K)
 Metaspace       used 49490K, committed 51200K, reserved 1114112K
  class space    used 7218K, committed 8064K, reserved 1048576K
}
Event: 123.524 GC heap before
{Heap before GC invocations=14 (full 0):
 garbage-first heap   total 98304K, used 77918K [0x0000000600000000, 0x0000000800000000)
  region size 4096K, 12 young (49152K), 2 survivors (8192K)
 Metaspace       used 51228K, committed 52992K, reserved 1114112K
  class space    used 7467K, committed 8320K, reserved 1048576K
}
Event: 123.550 GC heap after
{Heap after GC invocations=15 (full 0):
 garbage-first heap   total 98304K, used 43207K [0x0000000600000000, 0x0000000800000000)
  region size 4096K, 2 young (8192K), 2 survivors (8192K)
 Metaspace       used 51228K, committed 52992K, reserved 1114112K
  class space    used 7467K, committed 8320K, reserved 1048576K
}
Event: 133.259 GC heap before
{Heap before GC invocations=15 (full 0):
 garbage-first heap   total 98304K, used 84167K [0x0000000600000000, 0x0000000800000000)
  region size 4096K, 12 young (49152K), 2 survivors (8192K)
 Metaspace       used 54758K, committed 56704K, reserved 1114112K
  class space    used 8085K, committed 9024K, reserved 1048576K
}
Event: 133.282 GC heap after
{Heap after GC invocations=16 (full 0):
 garbage-first heap   total 102400K, used 51993K [0x0000000600000000, 0x0000000800000000)
  region size 4096K, 2 young (8192K), 2 survivors (8192K)
 Metaspace       used 54758K, committed 56704K, reserved 1114112K
  class space    used 8085K, committed 9024K, reserved 1048576K
}
Event: 144.934 GC heap before
{Heap before GC invocations=16 (full 0):
 garbage-first heap   total 102400K, used 80665K [0x0000000600000000, 0x0000000800000000)
  region size 4096K, 10 young (40960K), 2 survivors (8192K)
 Metaspace       used 58205K, committed 60096K, reserved 1114112K
  class space    used 8535K, committed 9472K, reserved 1048576K
}
Event: 144.976 GC heap after
{Heap after GC invocations=17 (full 0):
 garbage-first heap   total 102400K, used 52947K [0x0000000600000000, 0x0000000800000000)
  region size 4096K, 1 young (4096K), 1 survivors (4096K)
 Metaspace       used 58205K, committed 60096K, reserved 1114112K
  class space    used 8535K, committed 9472K, reserved 1048576K
}

