# JRE version: OpenJDK Runtime Environment Temurin-21.0.12.1+1 (21.0.12.1+1) (build 21.0.12.1+1-LTS)
# Java VM: OpenJDK 64-Bit Server VM Temurin-21.0.12.1+1 (21.0.12.1+1-LTS, mixed mode, sharing, tiered, compressed oops, compressed class ptrs, g1 gc, windows-amd64)
GC Precious Log:
 CardTable entry size: 512
 Card Set container configuration: InlinePtr #cards 4 size 8 Array Of Cards #cards 32 size 80 Howl #buckets 8 coarsen threshold 7372 Howl Bitmap #cards 1024 size 144 coarsen threshold 921 Card regions per heap region 1 cards per card region 8192
 CPUs: 8 total, 8 available
 Memory: 7886M
 Large Page Support: Disabled
 NUMA Support: Disabled
 Compressed Oops: Enabled (Zero based)
 Heap Region Size: 4M
 Heap Min Capacity: 8M
 Heap Initial Capacity: 124M
 Heap Max Capacity: 8G
 Pre-touch: Disabled
 Parallel Workers: 8
 Concurrent Workers: 2
 Concurrent Refinement Workers: 8
 Periodic GC: Disabled
Heap:
 garbage-first heap   total 126976K, used 58060K [0x0000000600000000, 0x0000000800000000)
  region size 4096K, 1 young (4096K), 1 survivors (4096K)
 Metaspace       used 63357K, committed 67520K, reserved 1114112K
  class space    used 9070K, committed 10624K, reserved 1048576K
GC Heap History (20 events):
Event: 599.331 GC heap after
{Heap after GC invocations=30 (full 0):
 garbage-first heap   total 102400K, used 52801K [0x0000000600000000, 0x0000000800000000)
  region size 4096K, 1 young (4096K), 1 survivors (4096K)
 Metaspace       used 62555K, committed 64512K, reserved 1114112K
  class space    used 9182K, committed 10176K, reserved 1048576K
}
Event: 625.206 GC heap before
{Heap before GC invocations=31 (full 0):
 garbage-first heap   total 102400K, used 93761K [0x0000000600000000, 0x0000000800000000)
  region size 4096K, 10 young (40960K), 1 survivors (4096K)
 Metaspace       used 64755K, committed 66688K, reserved 1114112K
  class space    used 9498K, committed 10432K, reserved 1048576K
}
Event: 625.252 GC heap after
{Heap after GC invocations=32 (full 0):
 garbage-first heap   total 106496K, used 58466K [0x0000000600000000, 0x0000000800000000)
  region size 4096K, 2 young (8192K), 2 survivors (8192K)
 Metaspace       used 64755K, committed 66688K, reserved 1114112K
  class space    used 9498K, committed 10432K, reserved 1048576K
}
Event: 13062.646 GC heap before
{Heap before GC invocations=32 (full 0):
 garbage-first heap   total 106496K, used 91234K [0x0000000600000000, 0x0000000800000000)
  region size 4096K, 10 young (40960K), 2 survivors (8192K)
 Metaspace       used 65610K, committed 67584K, reserved 1114112K
  class space    used 9613K, committed 10624K, reserved 1048576K
}
Event: 13063.449 GC heap after
{Heap after GC invocations=33 (full 0):
 garbage-first heap   total 106496K, used 59978K [0x0000000600000000, 0x0000000800000000)
  region size 4096K, 2 young (8192K), 2 survivors (8192K)
 Metaspace       used 65610K, committed 67584K, reserved 1114112K
  class space    used 9613K, committed 10624K, reserved 1048576K
}
Event: 13074.703 GC heap before
{Heap before GC invocations=34 (full 0):
 garbage-first heap   total 110592K, used 64074K [0x0000000600000000, 0x0000000800000000)
  region size 4096K, 3 young (12288K), 2 survivors (8192K)
 Metaspace       used 63084K, committed 67520K, reserved 1114112K
  class space    used 9026K, committed 10624K, reserved 1048576K
}
Event: 13074.739 GC heap after
{Heap after GC invocations=35 (full 0):
 garbage-first heap   total 110592K, used 59677K [0x0000000600000000, 0x0000000800000000)
  region size 4096K, 1 young (4096K), 1 survivors (4096K)
 Metaspace       used 63084K, committed 67520K, reserved 1114112K
  class space    used 9026K, committed 10624K, reserved 1048576K
}
Event: 13113.761 GC heap before
{Heap before GC invocations=35 (full 0):
 garbage-first heap   total 110592K, used 96541K [0x0000000600000000, 0x0000000800000000)
  region size 4096K, 10 young (40960K), 1 survivors (4096K)
 Metaspace       used 63221K, committed 67520K, reserved 1114112K
  class space    used 9050K, committed 10624K, reserved 1048576K
}
Event: 13113.794 GC heap after
{Heap after GC invocations=36 (full 0):
 garbage-first heap   total 110592K, used 58252K [0x0000000600000000, 0x0000000800000000)
  region size 4096K, 1 young (4096K), 1 survivors (4096K)
 Metaspace       used 63221K, committed 67520K, reserved 1114112K
  class space    used 9050K, committed 10624K, reserved 1048576K
}
Event: 13139.884 GC heap before
{Heap before GC invocations=36 (full 0):
 garbage-first heap   total 110592K, used 99212K [0x0000000600000000, 0x0000000800000000)
  region size 4096K, 11 young (45056K), 1 survivors (4096K)
 Metaspace       used 63351K, committed 67520K, reserved 1114112K
  class space    used 9070K, committed 10624K, reserved 1048576K
}
Event: 13160.407 GC heap after
{Heap after GC invocations=37 (full 0):
 garbage-first heap   total 110592K, used 58170K [0x0000000600000000, 0x0000000800000000)
  region size 4096K, 1 young (4096K), 1 survivors (4096K)
 Metaspace       used 63351K, committed 67520K, reserved 1114112K
  class space    used 9070K, committed 10624K, reserved 1048576K
}
Event: 13160.685 GC heap before
{Heap before GC invocations=37 (full 0):
 garbage-first heap   total 110592K, used 62266K [0x0000000600000000, 0x0000000800000000)
  region size 4096K, 2 young (8192K), 1 survivors (4096K)
 Metaspace       used 63351K, committed 67520K, reserved 1114112K
  class space    used 9070K, committed 10624K, reserved 1048576K
}
Event: 13161.142 GC heap after
{Heap after GC invocations=38 (full 0):
 garbage-first heap   total 110592K, used 58099K [0x0000000600000000, 0x0000000800000000)
  region size 4096K, 1 young (4096K), 1 survivors (4096K)
 Metaspace       used 63351K, committed 67520K, reserved 1114112K
  class space    used 9070K, committed 10624K, reserved 1048576K
}
Event: 13161.244 GC heap before
{Heap before GC invocations=38 (full 0):
 garbage-first heap   total 110592K, used 62195K [0x0000000600000000, 0x0000000800000000)
  region size 4096K, 2 young (8192K), 1 survivors (4096K)
 Metaspace       used 63352K, committed 67520K, reserved 1114112K
  class space    used 9070K, committed 10624K, reserved 1048576K
}
Event: 13161.247 GC heap after
{Heap after GC invocations=39 (full 0):
 garbage-first heap   total 110592K, used 58079K [0x0000000600000000, 0x0000000800000000)
  region size 4096K, 1 young (4096K), 1 survivors (4096K)
 Metaspace       used 63352K, committed 67520K, reserved 1114112K
  class space    used 9070K, committed 10624K, reserved 1048576K
}
Event: 13162.428 GC heap before
{Heap before GC invocations=39 (full 0):
 garbage-first heap   total 110592K, used 62175K [0x0000000600000000, 0x0000000800000000)
  region size 4096K, 2 young (8192K), 1 survivors (4096K)
 Metaspace       used 63352K, committed 67520K, reserved 1114112K
  class space    used 9070K, committed 10624K, reserved 1048576K
}
Event: 13162.834 GC heap after
{Heap after GC invocations=40 (full 0):
 garbage-first heap   total 110592K, used 58109K [0x0000000600000000, 0x0000000800000000)
  region size 4096K, 1 young (4096K), 1 survivors (4096K)
 Metaspace       used 63352K, committed 67520K, reserved 1114112K
  class space    used 9070K, committed 10624K, reserved 1048576K
}
Event: 13163.395 GC heap before
{Heap before GC invocations=40 (full 0):
 garbage-first heap   total 110592K, used 62205K [0x0000000600000000, 0x0000000800000000)
  region size 4096K, 2 young (8192K), 1 survivors (4096K)
 Metaspace       used 63354K, committed 67520K, reserved 1114112K
  class space    used 9070K, committed 10624K, reserved 1048576K
}
Event: 13163.938 GC heap after
{Heap after GC invocations=41 (full 0):
 garbage-first heap   total 110592K, used 58132K [0x0000000600000000, 0x0000000800000000)
  region size 4096K, 1 young (4096K), 1 survivors (4096K)
 Metaspace       used 63354K, committed 67520K, reserved 1114112K
  class space    used 9070K, committed 10624K, reserved 1048576K
}
Event: 13164.768 GC heap before
{Heap before GC invocations=41 (full 0):
 garbage-first heap   total 110592K, used 74516K [0x0000000600000000, 0x0000000800000000)
  region size 4096K, 5 young (20480K), 1 survivors (4096K)
 Metaspace       used 63357K, committed 67520K, reserved 1114112K
  class space    used 9070K, committed 10624K, reserved 1048576K
}

