# JRE version: OpenJDK Runtime Environment Temurin-21.0.12.1+1 (21.0.12.1+1) (build 21.0.12.1+1-LTS)
# Java VM: OpenJDK 64-Bit Server VM Temurin-21.0.12.1+1 (21.0.12.1+1-LTS, mixed mode, sharing, tiered, compressed oops, compressed class ptrs, g1 gc, windows-amd64)
GC Precious Log:
 CardTable entry size: 512
 Card Set container configuration: InlinePtr #cards 4 size 8 Array Of Cards #cards 32 size 80 Howl #buckets 8 coarsen threshold 7372 Howl Bitmap #cards 1024 size 144 coarsen threshold 921 Card regions per heap region 1 cards per card region 8192
 CPUs: 8 total, 8 available
 Memory: 7886M
 Large Page Support: Disabled
 NUMA Support: Disabled
 Compressed Oops: Enabled (Zero based)
 Heap Region Size: 4M
 Heap Min Capacity: 8M
 Heap Initial Capacity: 124M
 Heap Max Capacity: 8G
 Pre-touch: Disabled
 Parallel Workers: 8
 Concurrent Workers: 2
 Concurrent Refinement Workers: 8
 Periodic GC: Disabled
Heap:
 garbage-first heap   total 143360K, used 67053K [0x0000000600000000, 0x0000000800000000)
  region size 4096K, 1 young (4096K), 1 survivors (4096K)
 Metaspace       used 69369K, committed 74112K, reserved 1114112K
  class space    used 9923K, committed 11648K, reserved 1048576K
GC Heap History (20 events):
Event: 690.716 GC heap after
{Heap after GC invocations=22 (full 0):
 garbage-first heap   total 118784K, used 63027K [0x0000000600000000, 0x0000000800000000)
  region size 4096K, 2 young (8192K), 2 survivors (8192K)
 Metaspace       used 69647K, committed 71616K, reserved 1114112K
  class space    used 10253K, committed 11200K, reserved 1048576K
}
Event: 743.260 GC heap before
{Heap before GC invocations=22 (full 0):
 garbage-first heap   total 118784K, used 108083K [0x0000000600000000, 0x0000000800000000)
  region size 4096K, 13 young (53248K), 2 survivors (8192K)
 Metaspace       used 71632K, committed 73728K, reserved 1114112K
  class space    used 10561K, committed 11584K, reserved 1048576K
}
Event: 743.500 GC heap after
{Heap after GC invocations=23 (full 0):
 garbage-first heap   total 126976K, used 67041K [0x0000000600000000, 0x0000000800000000)
  region size 4096K, 2 young (8192K), 2 survivors (8192K)
 Metaspace       used 71632K, committed 73728K, reserved 1114112K
  class space    used 10561K, committed 11584K, reserved 1048576K
}
Event: 13159.000 GC heap before
{Heap before GC invocations=23 (full 0):
 garbage-first heap   total 126976K, used 112097K [0x0000000600000000, 0x0000000800000000)
  region size 4096K, 13 young (53248K), 2 survivors (8192K)
 Metaspace       used 72018K, committed 74112K, reserved 1114112K
  class space    used 10574K, committed 11648K, reserved 1048576K
}
Event: 13159.264 GC heap after
{Heap after GC invocations=24 (full 0):
 garbage-first heap   total 126976K, used 68691K [0x0000000600000000, 0x0000000800000000)
  region size 4096K, 2 young (8192K), 2 survivors (8192K)
 Metaspace       used 72018K, committed 74112K, reserved 1114112K
  class space    used 10574K, committed 11648K, reserved 1048576K
}
Event: 13187.686 GC heap before
{Heap before GC invocations=25 (full 0):
 garbage-first heap   total 126976K, used 109651K [0x0000000600000000, 0x0000000800000000)
  region size 4096K, 12 young (49152K), 2 survivors (8192K)
 Metaspace       used 69453K, committed 74048K, reserved 1114112K
  class space    used 9960K, committed 11648K, reserved 1048576K
}
Event: 13187.740 GC heap after
{Heap after GC invocations=26 (full 0):
 garbage-first heap   total 126976K, used 69916K [0x0000000600000000, 0x0000000800000000)
  region size 4096K, 1 young (4096K), 1 survivors (4096K)
 Metaspace       used 69453K, committed 74048K, reserved 1114112K
  class space    used 9960K, committed 11648K, reserved 1048576K
}
Event: 13196.006 GC heap before
{Heap before GC invocations=26 (full 0):
 garbage-first heap   total 126976K, used 110876K [0x0000000600000000, 0x0000000800000000)
  region size 4096K, 11 young (45056K), 1 survivors (4096K)
 Metaspace       used 69523K, committed 74112K, reserved 1114112K
  class space    used 9961K, committed 11648K, reserved 1048576K
}
Event: 13196.038 GC heap after
{Heap after GC invocations=27 (full 0):
 garbage-first heap   total 126976K, used 68432K [0x0000000600000000, 0x0000000800000000)
  region size 4096K, 1 young (4096K), 1 survivors (4096K)
 Metaspace       used 69523K, committed 74112K, reserved 1114112K
  class space    used 9961K, committed 11648K, reserved 1048576K
}
Event: 13198.739 GC heap before
{Heap before GC invocations=27 (full 0):
 garbage-first heap   total 126976K, used 109392K [0x0000000600000000, 0x0000000800000000)
  region size 4096K, 11 young (45056K), 1 survivors (4096K)
 Metaspace       used 69523K, committed 74112K, reserved 1114112K
  class space    used 9961K, committed 11648K, reserved 1048576K
}
Event: 13198.848 GC heap after
{Heap after GC invocations=28 (full 0):
 garbage-first heap   total 126976K, used 68815K [0x0000000600000000, 0x0000000800000000)
  region size 4096K, 1 young (4096K), 1 survivors (4096K)
 Metaspace       used 69523K, committed 74112K, reserved 1114112K
  class space    used 9961K, committed 11648K, reserved 1048576K
}
Event: 13206.331 GC heap before
{Heap before GC invocations=29 (full 0):
 garbage-first heap   total 126976K, used 109775K [0x0000000600000000, 0x0000000800000000)
  region size 4096K, 11 young (45056K), 1 survivors (4096K)
 Metaspace       used 69349K, committed 74112K, reserved 1114112K
  class space    used 9923K, committed 11648K, reserved 1048576K
}
Event: 13206.357 GC heap after
{Heap after GC invocations=30 (full 0):
 garbage-first heap   total 126976K, used 69102K [0x0000000600000000, 0x0000000800000000)
  region size 4096K, 1 young (4096K), 1 survivors (4096K)
 Metaspace       used 69349K, committed 74112K, reserved 1114112K
  class space    used 9923K, committed 11648K, reserved 1048576K
}
Event: 13208.101 GC heap before
{Heap before GC invocations=30 (full 0):
 garbage-first heap   total 126976K, used 110062K [0x0000000600000000, 0x0000000800000000)
  region size 4096K, 11 young (45056K), 1 survivors (4096K)
 Metaspace       used 69358K, committed 74112K, reserved 1114112K
  class space    used 9923K, committed 11648K, reserved 1048576K
}
Event: 13208.300 GC heap after
{Heap after GC invocations=31 (full 0):
 garbage-first heap   total 126976K, used 66964K [0x0000000600000000, 0x0000000800000000)
  region size 4096K, 1 young (4096K), 1 survivors (4096K)
 Metaspace       used 69358K, committed 74112K, reserved 1114112K
  class space    used 9923K, committed 11648K, reserved 1048576K
}
Event: 13220.011 GC heap before
{Heap before GC invocations=31 (full 0):
 garbage-first heap   total 126976K, used 112020K [0x0000000600000000, 0x0000000800000000)
  region size 4096K, 12 young (49152K), 1 survivors (4096K)
 Metaspace       used 69369K, committed 74112K, reserved 1114112K
  class space    used 9923K, committed 11648K, reserved 1048576K
}
Event: 13222.642 GC heap after
{Heap after GC invocations=32 (full 0):
 garbage-first heap   total 126976K, used 69078K [0x0000000600000000, 0x0000000800000000)
  region size 4096K, 2 young (8192K), 2 survivors (8192K)
 Metaspace       used 69369K, committed 74112K, reserved 1114112K
  class space    used 9923K, committed 11648K, reserved 1048576K
}
Event: 13224.488 GC heap before
{Heap before GC invocations=32 (full 0):
 garbage-first heap   total 126976K, used 73174K [0x0000000600000000, 0x0000000800000000)
  region size 4096K, 3 young (12288K), 2 survivors (8192K)
 Metaspace       used 69369K, committed 74112K, reserved 1114112K
  class space    used 9923K, committed 11648K, reserved 1048576K
}
Event: 13234.450 GC heap after
{Heap after GC invocations=33 (full 0):
 garbage-first heap   total 126976K, used 67583K [0x0000000600000000, 0x0000000800000000)
  region size 4096K, 1 young (4096K), 1 survivors (4096K)
 Metaspace       used 69369K, committed 74112K, reserved 1114112K
  class space    used 9923K, committed 11648K, reserved 1048576K
}
Event: 13236.210 GC heap before
{Heap before GC invocations=33 (full 0):
 garbage-first heap   total 126976K, used 71679K [0x0000000600000000, 0x0000000800000000)
  region size 4096K, 2 young (8192K), 1 survivors (4096K)
 Metaspace       used 69369K, committed 74112K, reserved 1114112K
  class space    used 9923K, committed 11648K, reserved 1048576K
}

