# JRE version: OpenJDK Runtime Environment Temurin-21.0.12.1+1 (21.0.12.1+1) (build 21.0.12.1+1-LTS)
# Java VM: OpenJDK 64-Bit Server VM Temurin-21.0.12.1+1 (21.0.12.1+1-LTS, mixed mode, sharing, tiered, compressed oops, compressed class ptrs, g1 gc, windows-amd64)
GC Precious Log:
 CardTable entry size: 512
 Card Set container configuration: InlinePtr #cards 4 size 8 Array Of Cards #cards 32 size 80 Howl #buckets 8 coarsen threshold 7372 Howl Bitmap #cards 1024 size 144 coarsen threshold 921 Card regions per heap region 1 cards per card region 8192
 CPUs: 8 total, 8 available
 Memory: 7886M
 Large Page Support: Disabled
 NUMA Support: Disabled
 Compressed Oops: Enabled (Zero based)
 Heap Region Size: 4M
 Heap Min Capacity: 8M
 Heap Initial Capacity: 124M
 Heap Max Capacity: 8G
 Pre-touch: Disabled
 Parallel Workers: 8
 Concurrent Workers: 2
 Concurrent Refinement Workers: 8
 Periodic GC: Disabled
Heap:
 garbage-first heap   total 172032K, used 105224K [0x0000000600000000, 0x0000000800000000)
  region size 4096K, 5 young (20480K), 1 survivors (4096K)
 Metaspace       used 80542K, committed 82688K, reserved 1179648K
  class space    used 11553K, committed 12608K, reserved 1048576K
GC Heap History (20 events):
Event: 104.127 GC heap before
{Heap before GC invocations=18 (full 0):
 garbage-first heap   total 122880K, used 102791K [0x0000000600000000, 0x0000000800000000)
  region size 4096K, 13 young (53248K), 1 survivors (4096K)
 Metaspace       used 65331K, committed 67264K, reserved 1114112K
  class space    used 9593K, committed 10560K, reserved 1048576K
}
Event: 104.236 GC heap after
{Heap after GC invocations=19 (full 0):
 garbage-first heap   total 122880K, used 61301K [0x0000000600000000, 0x0000000800000000)
  region size 4096K, 2 young (8192K), 2 survivors (8192K)
 Metaspace       used 65331K, committed 67264K, reserved 1114112K
  class space    used 9593K, committed 10560K, reserved 1048576K
}
Event: 113.993 GC heap before
{Heap before GC invocations=19 (full 0):
 garbage-first heap   total 122880K, used 102261K [0x0000000600000000, 0x0000000800000000)
  region size 4096K, 13 young (53248K), 2 survivors (8192K)
 Metaspace       used 68385K, committed 70336K, reserved 1114112K
  class space    used 10047K, committed 11008K, reserved 1048576K
}
Event: 114.868 GC heap after
{Heap after GC invocations=20 (full 0):
 garbage-first heap   total 122880K, used 61993K [0x0000000600000000, 0x0000000800000000)
  region size 4096K, 1 young (4096K), 1 survivors (4096K)
 Metaspace       used 68385K, committed 70336K, reserved 1114112K
  class space    used 10047K, committed 11008K, reserved 1048576K
}
Event: 230.975 GC heap before
{Heap before GC invocations=21 (full 0):
 garbage-first heap   total 122880K, used 102953K [0x0000000600000000, 0x0000000800000000)
  region size 4096K, 12 young (49152K), 1 survivors (4096K)
 Metaspace       used 71044K, committed 73088K, reserved 1114112K
  class space    used 10507K, committed 11520K, reserved 1048576K
}
Event: 231.004 GC heap after
{Heap after GC invocations=22 (full 0):
 garbage-first heap   total 122880K, used 67136K [0x0000000600000000, 0x0000000800000000)
  region size 4096K, 2 young (8192K), 2 survivors (8192K)
 Metaspace       used 71044K, committed 73088K, reserved 1114112K
  class space    used 10507K, committed 11520K, reserved 1048576K
}
Event: 232.326 GC heap before
{Heap before GC invocations=22 (full 0):
 garbage-first heap   total 122880K, used 104000K [0x0000000600000000, 0x0000000800000000)
  region size 4096K, 12 young (49152K), 2 survivors (8192K)
 Metaspace       used 71824K, committed 73856K, reserved 1114112K
  class space    used 10576K, committed 11584K, reserved 1048576K
}
Event: 232.360 GC heap after
{Heap after GC invocations=23 (full 0):
 garbage-first heap   total 126976K, used 69876K [0x0000000600000000, 0x0000000800000000)
  region size 4096K, 2 young (8192K), 2 survivors (8192K)
 Metaspace       used 71824K, committed 73856K, reserved 1114112K
  class space    used 10576K, committed 11584K, reserved 1048576K
}
Event: 232.703 GC heap before
{Heap before GC invocations=23 (full 0):
 garbage-first heap   total 126976K, used 106740K [0x0000000600000000, 0x0000000800000000)
  region size 4096K, 12 young (49152K), 2 survivors (8192K)
 Metaspace       used 71922K, committed 73984K, reserved 1114112K
  class space    used 10577K, committed 11584K, reserved 1048576K
}
Event: 232.721 GC heap after
{Heap after GC invocations=24 (full 0):
 garbage-first heap   total 126976K, used 71935K [0x0000000600000000, 0x0000000800000000)
  region size 4096K, 1 young (4096K), 1 survivors (4096K)
 Metaspace       used 71922K, committed 73984K, reserved 1114112K
  class space    used 10577K, committed 11584K, reserved 1048576K
}
Event: 233.305 GC heap before
{Heap before GC invocations=25 (full 0):
 garbage-first heap   total 126976K, used 112895K [0x0000000600000000, 0x0000000800000000)
  region size 4096K, 11 young (45056K), 1 survivors (4096K)
 Metaspace       used 71928K, committed 73984K, reserved 1114112K
  class space    used 10578K, committed 11584K, reserved 1048576K
}
Event: 233.313 GC heap after
{Heap after GC invocations=26 (full 0):
 garbage-first heap   total 126976K, used 73489K [0x0000000600000000, 0x0000000800000000)
  region size 4096K, 2 young (8192K), 2 survivors (8192K)
 Metaspace       used 71928K, committed 73984K, reserved 1114112K
  class space    used 10578K, committed 11584K, reserved 1048576K
}
Event: 234.459 GC heap before
{Heap before GC invocations=26 (full 0):
 garbage-first heap   total 126976K, used 106257K [0x0000000600000000, 0x0000000800000000)
  region size 4096K, 11 young (45056K), 2 survivors (8192K)
 Metaspace       used 72796K, committed 74816K, reserved 1114112K
  class space    used 10685K, committed 11712K, reserved 1048576K
}
Event: 234.476 GC heap after
{Heap after GC invocations=27 (full 0):
 garbage-first heap   total 131072K, used 85707K [0x0000000600000000, 0x0000000800000000)
  region size 4096K, 2 young (8192K), 2 survivors (8192K)
 Metaspace       used 72796K, committed 74816K, reserved 1114112K
  class space    used 10685K, committed 11712K, reserved 1048576K
}
Event: 235.706 GC heap before
{Heap before GC invocations=28 (full 0):
 garbage-first heap   total 143360K, used 106187K [0x0000000600000000, 0x0000000800000000)
  region size 4096K, 8 young (32768K), 2 survivors (8192K)
 Metaspace       used 74235K, committed 76416K, reserved 1114112K
  class space    used 10889K, committed 11968K, reserved 1048576K
}
Event: 235.717 GC heap after
{Heap after GC invocations=29 (full 0):
 garbage-first heap   total 143360K, used 93252K [0x0000000600000000, 0x0000000800000000)
  region size 4096K, 1 young (4096K), 1 survivors (4096K)
 Metaspace       used 74235K, committed 76416K, reserved 1114112K
  class space    used 10889K, committed 11968K, reserved 1048576K
}
Event: 235.850 GC heap before
{Heap before GC invocations=29 (full 0):
 garbage-first heap   total 143360K, used 97348K [0x0000000600000000, 0x0000000800000000)
  region size 4096K, 2 young (8192K), 1 survivors (4096K)
 Metaspace       used 74489K, committed 76608K, reserved 1114112K
  class space    used 10923K, committed 11968K, reserved 1048576K
}
Event: 235.859 GC heap after
{Heap after GC invocations=30 (full 0):
 garbage-first heap   total 172032K, used 91450K [0x0000000600000000, 0x0000000800000000)
  region size 4096K, 1 young (4096K), 1 survivors (4096K)
 Metaspace       used 74489K, committed 76608K, reserved 1114112K
  class space    used 10923K, committed 11968K, reserved 1048576K
}
Event: 245.296 GC heap before
{Heap before GC invocations=30 (full 0):
 garbage-first heap   total 172032K, used 136506K [0x0000000600000000, 0x0000000800000000)
  region size 4096K, 13 young (53248K), 1 survivors (4096K)
 Metaspace       used 79267K, committed 81344K, reserved 1179648K
  class space    used 11383K, committed 12416K, reserved 1048576K
}
Event: 245.329 GC heap after
{Heap after GC invocations=31 (full 0):
 garbage-first heap   total 172032K, used 92936K [0x0000000600000000, 0x0000000800000000)
  region size 4096K, 1 young (4096K), 1 survivors (4096K)
 Metaspace       used 79267K, committed 81344K, reserved 1179648K
  class space    used 11383K, committed 12416K, reserved 1048576K
}

