# JRE version: OpenJDK Runtime Environment Temurin-21.0.12.1+1 (21.0.12.1+1) (build 21.0.12.1+1-LTS)
# Java VM: OpenJDK 64-Bit Server VM Temurin-21.0.12.1+1 (21.0.12.1+1-LTS, mixed mode, sharing, tiered, compressed oops, compressed class ptrs, g1 gc, windows-amd64)
GC Precious Log:
 CardTable entry size: 512
 Card Set container configuration: InlinePtr #cards 4 size 8 Array Of Cards #cards 32 size 80 Howl #buckets 8 coarsen threshold 7372 Howl Bitmap #cards 1024 size 144 coarsen threshold 921 Card regions per heap region 1 cards per card region 8192
 CPUs: 8 total, 8 available
 Memory: 7886M
 Large Page Support: Disabled
 NUMA Support: Disabled
 Compressed Oops: Enabled (Zero based)
 Heap Region Size: 4M
 Heap Min Capacity: 8M
 Heap Initial Capacity: 124M
 Heap Max Capacity: 8G
 Pre-touch: Disabled
 Parallel Workers: 8
 Concurrent Workers: 2
 Concurrent Refinement Workers: 8
 Periodic GC: Disabled
Heap:
 garbage-first heap   total 163840K, used 38731K [0x0000000600000000, 0x0000000800000000)
  region size 4096K, 1 young (4096K), 1 survivors (4096K)
 Metaspace       used 48243K, committed 49920K, reserved 1114112K
  class space    used 7073K, committed 7872K, reserved 1048576K
GC Heap History (20 events):
Event: 364.851 GC heap after
{Heap after GC invocations=16 (full 0):
 garbage-first heap   total 163840K, used 35951K [0x0000000600000000, 0x0000000800000000)
  region size 4096K, 1 young (4096K), 1 survivors (4096K)
 Metaspace       used 43228K, committed 44864K, reserved 1114112K
  class space    used 6301K, committed 7104K, reserved 1048576K
}
Event: 417.150 GC heap before
{Heap before GC invocations=16 (full 0):
 garbage-first heap   total 163840K, used 56431K [0x0000000600000000, 0x0000000800000000)
  region size 4096K, 6 young (24576K), 1 survivors (4096K)
 Metaspace       used 44914K, committed 46592K, reserved 1114112K
  class space    used 6595K, committed 7424K, reserved 1048576K
}
Event: 417.197 GC heap after
{Heap after GC invocations=17 (full 0):
 garbage-first heap   total 163840K, used 36607K [0x0000000600000000, 0x0000000800000000)
  region size 4096K, 1 young (4096K), 1 survivors (4096K)
 Metaspace       used 44914K, committed 46592K, reserved 1114112K
  class space    used 6595K, committed 7424K, reserved 1048576K
}
Event: 445.950 GC heap before
{Heap before GC invocations=17 (full 0):
 garbage-first heap   total 163840K, used 57087K [0x0000000600000000, 0x0000000800000000)
  region size 4096K, 7 young (28672K), 1 survivors (4096K)
 Metaspace       used 47392K, committed 49088K, reserved 1114112K
  class space    used 6971K, committed 7808K, reserved 1048576K
}
Event: 445.979 GC heap after
{Heap after GC invocations=18 (full 0):
 garbage-first heap   total 163840K, used 37530K [0x0000000600000000, 0x0000000800000000)
  region size 4096K, 1 young (4096K), 1 survivors (4096K)
 Metaspace       used 47392K, committed 49088K, reserved 1114112K
  class space    used 6971K, committed 7808K, reserved 1048576K
}
Event: 12856.745 GC heap before
{Heap before GC invocations=18 (full 0):
 garbage-first heap   total 163840K, used 62106K [0x0000000600000000, 0x0000000800000000)
  region size 4096K, 7 young (28672K), 1 survivors (4096K)
 Metaspace       used 48026K, committed 49728K, reserved 1114112K
  class space    used 7050K, committed 7872K, reserved 1048576K
}
Event: 12857.435 GC heap after
{Heap after GC invocations=19 (full 0):
 garbage-first heap   total 163840K, used 38636K [0x0000000600000000, 0x0000000800000000)
  region size 4096K, 1 young (4096K), 1 survivors (4096K)
 Metaspace       used 48026K, committed 49728K, reserved 1114112K
  class space    used 7050K, committed 7872K, reserved 1048576K
}
Event: 12868.177 GC heap before
{Heap before GC invocations=19 (full 0):
 garbage-first heap   total 163840K, used 42732K [0x0000000600000000, 0x0000000800000000)
  region size 4096K, 2 young (8192K), 1 survivors (4096K)
 Metaspace       used 48054K, committed 49728K, reserved 1114112K
  class space    used 7052K, committed 7872K, reserved 1048576K
}
Event: 12868.256 GC heap after
{Heap after GC invocations=20 (full 0):
 garbage-first heap   total 163840K, used 38492K [0x0000000600000000, 0x0000000800000000)
  region size 4096K, 1 young (4096K), 1 survivors (4096K)
 Metaspace       used 48054K, committed 49728K, reserved 1114112K
  class space    used 7052K, committed 7872K, reserved 1048576K
}
Event: 12889.539 GC heap before
{Heap before GC invocations=20 (full 0):
 garbage-first heap   total 163840K, used 58972K [0x0000000600000000, 0x0000000800000000)
  region size 4096K, 6 young (24576K), 1 survivors (4096K)
 Metaspace       used 48127K, committed 49792K, reserved 1114112K
  class space    used 7068K, committed 7872K, reserved 1048576K
}
Event: 12889.566 GC heap after
{Heap after GC invocations=21 (full 0):
 garbage-first heap   total 163840K, used 38699K [0x0000000600000000, 0x0000000800000000)
  region size 4096K, 1 young (4096K), 1 survivors (4096K)
 Metaspace       used 48127K, committed 49792K, reserved 1114112K
  class space    used 7068K, committed 7872K, reserved 1048576K
}
Event: 12899.149 GC heap before
{Heap before GC invocations=21 (full 0):
 garbage-first heap   total 163840K, used 79659K [0x0000000600000000, 0x0000000800000000)
  region size 4096K, 11 young (45056K), 1 survivors (4096K)
 Metaspace       used 48157K, committed 49792K, reserved 1114112K
  class space    used 7072K, committed 7872K, reserved 1048576K
}
Event: 12902.151 GC heap after
{Heap after GC invocations=22 (full 0):
 garbage-first heap   total 163840K, used 38860K [0x0000000600000000, 0x0000000800000000)
  region size 4096K, 1 young (4096K), 1 survivors (4096K)
 Metaspace       used 48157K, committed 49792K, reserved 1114112K
  class space    used 7072K, committed 7872K, reserved 1048576K
}
Event: 12903.704 GC heap before
{Heap before GC invocations=22 (full 0):
 garbage-first heap   total 163840K, used 71628K [0x0000000600000000, 0x0000000800000000)
  region size 4096K, 9 young (36864K), 1 survivors (4096K)
 Metaspace       used 48159K, committed 49792K, reserved 1114112K
  class space    used 7072K, committed 7872K, reserved 1048576K
}
Event: 12904.501 GC heap after
{Heap after GC invocations=23 (full 0):
 garbage-first heap   total 163840K, used 38755K [0x0000000600000000, 0x0000000800000000)
  region size 4096K, 1 young (4096K), 1 survivors (4096K)
 Metaspace       used 48159K, committed 49792K, reserved 1114112K
  class space    used 7072K, committed 7872K, reserved 1048576K
}
Event: 12904.621 GC heap before
{Heap before GC invocations=23 (full 0):
 garbage-first heap   total 163840K, used 42851K [0x0000000600000000, 0x0000000800000000)
  region size 4096K, 2 young (8192K), 1 survivors (4096K)
 Metaspace       used 48159K, committed 49792K, reserved 1114112K
  class space    used 7072K, committed 7872K, reserved 1048576K
}
Event: 12904.808 GC heap after
{Heap after GC invocations=24 (full 0):
 garbage-first heap   total 163840K, used 38645K [0x0000000600000000, 0x0000000800000000)
  region size 4096K, 1 young (4096K), 1 survivors (4096K)
 Metaspace       used 48159K, committed 49792K, reserved 1114112K
  class space    used 7072K, committed 7872K, reserved 1048576K
}
Event: 12905.017 GC heap before
{Heap before GC invocations=24 (full 0):
 garbage-first heap   total 163840K, used 42741K [0x0000000600000000, 0x0000000800000000)
  region size 4096K, 2 young (8192K), 1 survivors (4096K)
 Metaspace       used 48159K, committed 49792K, reserved 1114112K
  class space    used 7072K, committed 7872K, reserved 1048576K
}
Event: 12905.434 GC heap after
{Heap after GC invocations=25 (full 0):
 garbage-first heap   total 163840K, used 38687K [0x0000000600000000, 0x0000000800000000)
  region size 4096K, 1 young (4096K), 1 survivors (4096K)
 Metaspace       used 48159K, committed 49792K, reserved 1114112K
  class space    used 7072K, committed 7872K, reserved 1048576K
}
Event: 12934.843 GC heap before
{Heap before GC invocations=25 (full 0):
 garbage-first heap   total 163840K, used 96031K [0x0000000600000000, 0x0000000800000000)
  region size 4096K, 16 young (65536K), 1 survivors (4096K)
 Metaspace       used 48243K, committed 49920K, reserved 1114112K
  class space    used 7073K, committed 7872K, reserved 1048576K
}

