# JRE version: OpenJDK Runtime Environment Temurin-21.0.12.1+1 (21.0.12.1+1) (build 21.0.12.1+1-LTS)
# Java VM: OpenJDK 64-Bit Server VM Temurin-21.0.12.1+1 (21.0.12.1+1-LTS, mixed mode, sharing, tiered, compressed oops, compressed class ptrs, g1 gc, windows-amd64)
GC Precious Log:
 CardTable entry size: 512
 Card Set container configuration: InlinePtr #cards 4 size 8 Array Of Cards #cards 32 size 80 Howl #buckets 8 coarsen threshold 7372 Howl Bitmap #cards 1024 size 144 coarsen threshold 921 Card regions per heap region 1 cards per card region 8192
 CPUs: 8 total, 8 available
 Memory: 7886M
 Large Page Support: Disabled
 NUMA Support: Disabled
 Compressed Oops: Enabled (Zero based)
 Heap Region Size: 4M
 Heap Min Capacity: 8M
 Heap Initial Capacity: 124M
 Heap Max Capacity: 8G
 Pre-touch: Disabled
 Parallel Workers: 8
 Concurrent Workers: 2
 Concurrent Refinement Workers: 8
 Periodic GC: Disabled
Heap:
 garbage-first heap   total 585728K, used 101461K [0x0000000600000000, 0x0000000800000000)
  region size 4096K, 1 young (4096K), 1 survivors (4096K)
 Metaspace       used 87873K, committed 92288K, reserved 1179648K
  class space    used 12230K, committed 13888K, reserved 1048576K
GC Heap History (20 events):
Event: 12953.044 GC heap after
{Heap after GC invocations=48 (full 0):
 garbage-first heap   total 245760K, used 102036K [0x0000000600000000, 0x0000000800000000)
  region size 4096K, 2 young (8192K), 2 survivors (8192K)
 Metaspace       used 90117K, committed 92288K, reserved 1179648K
  class space    used 12822K, committed 13888K, reserved 1048576K
}
Event: 12959.085 GC heap before
{Heap before GC invocations=48 (full 0):
 garbage-first heap   total 245760K, used 106132K [0x0000000600000000, 0x0000000800000000)
  region size 4096K, 3 young (12288K), 2 survivors (8192K)
 Metaspace       used 90124K, committed 92288K, reserved 1179648K
  class space    used 12822K, committed 13888K, reserved 1048576K
}
Event: 12959.163 GC heap after
{Heap after GC invocations=49 (full 0):
 garbage-first heap   total 245760K, used 102449K [0x0000000600000000, 0x0000000800000000)
  region size 4096K, 1 young (4096K), 1 survivors (4096K)
 Metaspace       used 90124K, committed 92288K, reserved 1179648K
  class space    used 12822K, committed 13888K, reserved 1048576K
}
Event: 12968.836 GC heap before
{Heap before GC invocations=49 (full 0):
 garbage-first heap   total 245760K, used 110641K [0x0000000600000000, 0x0000000800000000)
  region size 4096K, 3 young (12288K), 1 survivors (4096K)
 Metaspace       used 87304K, committed 92288K, reserved 1179648K
  class space    used 12167K, committed 13888K, reserved 1048576K
}
Event: 12968.880 GC heap after
{Heap after GC invocations=50 (full 0):
 garbage-first heap   total 245760K, used 102399K [0x0000000600000000, 0x0000000800000000)
  region size 4096K, 1 young (4096K), 1 survivors (4096K)
 Metaspace       used 87304K, committed 92288K, reserved 1179648K
  class space    used 12167K, committed 13888K, reserved 1048576K
}
Event: 12970.887 GC heap before
{Heap before GC invocations=51 (full 0):
 garbage-first heap   total 245760K, used 110591K [0x0000000600000000, 0x0000000800000000)
  region size 4096K, 3 young (12288K), 1 survivors (4096K)
 Metaspace       used 87312K, committed 92288K, reserved 1179648K
  class space    used 12167K, committed 13888K, reserved 1048576K
}
Event: 12970.909 GC heap after
{Heap after GC invocations=52 (full 0):
 garbage-first heap   total 245760K, used 102554K [0x0000000600000000, 0x0000000800000000)
  region size 4096K, 1 young (4096K), 1 survivors (4096K)
 Metaspace       used 87312K, committed 92288K, reserved 1179648K
  class space    used 12167K, committed 13888K, reserved 1048576K
}
Event: 12973.931 GC heap before
{Heap before GC invocations=52 (full 0):
 garbage-first heap   total 245760K, used 110746K [0x0000000600000000, 0x0000000800000000)
  region size 4096K, 3 young (12288K), 1 survivors (4096K)
 Metaspace       used 87326K, committed 92288K, reserved 1179648K
  class space    used 12170K, committed 13888K, reserved 1048576K
}
Event: 12973.990 GC heap after
{Heap after GC invocations=53 (full 0):
 garbage-first heap   total 585728K, used 100145K [0x0000000600000000, 0x0000000800000000)
  region size 4096K, 1 young (4096K), 1 survivors (4096K)
 Metaspace       used 87326K, committed 92288K, reserved 1179648K
  class space    used 12170K, committed 13888K, reserved 1048576K
}
Event: 12979.928 GC heap before
{Heap before GC invocations=53 (full 0):
 garbage-first heap   total 585728K, used 124721K [0x0000000600000000, 0x0000000800000000)
  region size 4096K, 7 young (28672K), 1 survivors (4096K)
 Metaspace       used 87398K, committed 92288K, reserved 1179648K
  class space    used 12177K, committed 13888K, reserved 1048576K
}
Event: 12979.974 GC heap after
{Heap after GC invocations=54 (full 0):
 garbage-first heap   total 585728K, used 101275K [0x0000000600000000, 0x0000000800000000)
  region size 4096K, 1 young (4096K), 1 survivors (4096K)
 Metaspace       used 87398K, committed 92288K, reserved 1179648K
  class space    used 12177K, committed 13888K, reserved 1048576K
}
Event: 12999.753 GC heap before
{Heap before GC invocations=54 (full 0):
 garbage-first heap   total 585728K, used 195483K [0x0000000600000000, 0x0000000800000000)
  region size 4096K, 25 young (102400K), 1 survivors (4096K)
 Metaspace       used 87739K, committed 92288K, reserved 1179648K
  class space    used 12221K, committed 13888K, reserved 1048576K
}
Event: 12999.762 GC heap after
{Heap after GC invocations=55 (full 0):
 garbage-first heap   total 585728K, used 101345K [0x0000000600000000, 0x0000000800000000)
  region size 4096K, 1 young (4096K), 1 survivors (4096K)
 Metaspace       used 87739K, committed 92288K, reserved 1179648K
  class space    used 12221K, committed 13888K, reserved 1048576K
}
Event: 13011.416 GC heap before
{Heap before GC invocations=55 (full 0):
 garbage-first heap   total 585728K, used 224225K [0x0000000600000000, 0x0000000800000000)
  region size 4096K, 31 young (126976K), 1 survivors (4096K)
 Metaspace       used 87855K, committed 92288K, reserved 1179648K
  class space    used 12229K, committed 13888K, reserved 1048576K
}
Event: 13012.891 GC heap after
{Heap after GC invocations=56 (full 0):
 garbage-first heap   total 585728K, used 101387K [0x0000000600000000, 0x0000000800000000)
  region size 4096K, 1 young (4096K), 1 survivors (4096K)
 Metaspace       used 87855K, committed 92288K, reserved 1179648K
  class space    used 12229K, committed 13888K, reserved 1048576K
}
Event: 13015.479 GC heap before
{Heap before GC invocations=56 (full 0):
 garbage-first heap   total 585728K, used 125963K [0x0000000600000000, 0x0000000800000000)
  region size 4096K, 7 young (28672K), 1 survivors (4096K)
 Metaspace       used 87860K, committed 92288K, reserved 1179648K
  class space    used 12229K, committed 13888K, reserved 1048576K
}
Event: 13016.447 GC heap after
{Heap after GC invocations=57 (full 0):
 garbage-first heap   total 585728K, used 101475K [0x0000000600000000, 0x0000000800000000)
  region size 4096K, 1 young (4096K), 1 survivors (4096K)
 Metaspace       used 87860K, committed 92288K, reserved 1179648K
  class space    used 12229K, committed 13888K, reserved 1048576K
}
Event: 13018.844 GC heap before
{Heap before GC invocations=57 (full 0):
 garbage-first heap   total 585728K, used 126051K [0x0000000600000000, 0x0000000800000000)
  region size 4096K, 7 young (28672K), 1 survivors (4096K)
 Metaspace       used 87868K, committed 92288K, reserved 1179648K
  class space    used 12230K, committed 13888K, reserved 1048576K
}
Event: 13018.971 GC heap after
{Heap after GC invocations=58 (full 0):
 garbage-first heap   total 585728K, used 101422K [0x0000000600000000, 0x0000000800000000)
  region size 4096K, 1 young (4096K), 1 survivors (4096K)
 Metaspace       used 87868K, committed 92288K, reserved 1179648K
  class space    used 12230K, committed 13888K, reserved 1048576K
}
Event: 13024.490 GC heap before
{Heap before GC invocations=58 (full 0):
 garbage-first heap   total 585728K, used 130094K [0x0000000600000000, 0x0000000800000000)
  region size 4096K, 8 young (32768K), 1 survivors (4096K)
 Metaspace       used 87873K, committed 92288K, reserved 1179648K
  class space    used 12230K, committed 13888K, reserved 1048576K
}

