# JRE version: OpenJDK Runtime Environment Temurin-21.0.12.1+1 (21.0.12.1+1) (build 21.0.12.1+1-LTS)
# Java VM: OpenJDK 64-Bit Server VM Temurin-21.0.12.1+1 (21.0.12.1+1-LTS, mixed mode, sharing, tiered, compressed oops, compressed class ptrs, g1 gc, windows-amd64)
GC Precious Log:
 CardTable entry size: 512
 Card Set container configuration: InlinePtr #cards 4 size 8 Array Of Cards #cards 32 size 80 Howl #buckets 8 coarsen threshold 7372 Howl Bitmap #cards 1024 size 144 coarsen threshold 921 Card regions per heap region 1 cards per card region 8192
 CPUs: 8 total, 8 available
 Memory: 7886M
 Large Page Support: Disabled
 NUMA Support: Disabled
 Compressed Oops: Enabled (Zero based)
 Heap Region Size: 4M
 Heap Min Capacity: 8M
 Heap Initial Capacity: 124M
 Heap Max Capacity: 8G
 Pre-touch: Disabled
 Parallel Workers: 8
 Concurrent Workers: 2
 Concurrent Refinement Workers: 8
 Periodic GC: Disabled
Heap:
 garbage-first heap   total 110592K, used 63719K [0x0000000600000000, 0x0000000800000000)
  region size 4096K, 10 young (40960K), 2 survivors (8192K)
 Metaspace       used 43210K, committed 44800K, reserved 1114112K
  class space    used 6216K, committed 6976K, reserved 1048576K
GC Heap History (18 events):
Event: 4.225 GC heap before
{Heap before GC invocations=0 (full 0):
 garbage-first heap   total 126976K, used 20480K [0x0000000600000000, 0x0000000800000000)
  region size 4096K, 5 young (20480K), 0 survivors (0K)
 Metaspace       used 877K, committed 1024K, reserved 1114112K
  class space    used 71K, committed 128K, reserved 1048576K
}
Event: 4.355 GC heap after
{Heap after GC invocations=1 (full 0):
 garbage-first heap   total 126976K, used 1536K [0x0000000600000000, 0x0000000800000000)
  region size 4096K, 1 young (4096K), 1 survivors (4096K)
 Metaspace       used 877K, committed 1024K, reserved 1114112K
  class space    used 71K, committed 128K, reserved 1048576K
}
Event: 10.502 GC heap before
{Heap before GC invocations=1 (full 0):
 garbage-first heap   total 126976K, used 42496K [0x0000000600000000, 0x0000000800000000)
  region size 4096K, 10 young (40960K), 1 survivors (4096K)
 Metaspace       used 4383K, committed 4544K, reserved 1114112K
  class space    used 559K, committed 640K, reserved 1048576K
}
Event: 10.531 GC heap after
{Heap after GC invocations=2 (full 0):
 garbage-first heap   total 126976K, used 11566K [0x0000000600000000, 0x0000000800000000)
  region size 4096K, 2 young (8192K), 2 survivors (8192K)
 Metaspace       used 4383K, committed 4544K, reserved 1114112K
  class space    used 559K, committed 640K, reserved 1048576K
}
Event: 15.497 GC heap before
{Heap before GC invocations=2 (full 0):
 garbage-first heap   total 126976K, used 44334K [0x0000000600000000, 0x0000000800000000)
  region size 4096K, 11 young (45056K), 2 survivors (8192K)
 Metaspace       used 4460K, committed 4672K, reserved 1114112K
  class space    used 561K, committed 640K, reserved 1048576K
}
Event: 15.529 GC heap after
{Heap after GC invocations=3 (full 0):
 garbage-first heap   total 126976K, used 16650K [0x0000000600000000, 0x0000000800000000)
  region size 4096K, 2 young (8192K), 2 survivors (8192K)
 Metaspace       used 4460K, committed 4672K, reserved 1114112K
  class space    used 561K, committed 640K, reserved 1048576K
}
Event: 33.856 GC heap before
{Heap before GC invocations=3 (full 0):
 garbage-first heap   total 126976K, used 65802K [0x0000000600000000, 0x0000000800000000)
  region size 4096K, 14 young (57344K), 2 survivors (8192K)
 Metaspace       used 14026K, committed 14464K, reserved 1114112K
  class space    used 1956K, committed 2176K, reserved 1048576K
}
Event: 33.941 GC heap after
{Heap after GC invocations=4 (full 0):
 garbage-first heap   total 126976K, used 21491K [0x0000000600000000, 0x0000000800000000)
  region size 4096K, 2 young (8192K), 2 survivors (8192K)
 Metaspace       used 14026K, committed 14464K, reserved 1114112K
  class space    used 1956K, committed 2176K, reserved 1048576K
}
Event: 52.926 GC heap before
{Heap before GC invocations=4 (full 0):
 garbage-first heap   total 126976K, used 70643K [0x0000000600000000, 0x0000000800000000)
  region size 4096K, 15 young (61440K), 2 survivors (8192K)
 Metaspace       used 20817K, committed 21504K, reserved 1114112K
  class space    used 3078K, committed 3392K, reserved 1048576K
}
Event: 52.946 GC heap after
{Heap after GC invocations=5 (full 0):
 garbage-first heap   total 126976K, used 24646K [0x0000000600000000, 0x0000000800000000)
  region size 4096K, 2 young (8192K), 2 survivors (8192K)
 Metaspace       used 20817K, committed 21504K, reserved 1114112K
  class space    used 3078K, committed 3392K, reserved 1048576K
}
Event: 80.845 GC heap before
{Heap before GC invocations=6 (full 0):
 garbage-first heap   total 98304K, used 90182K [0x0000000600000000, 0x0000000800000000)
  region size 4096K, 18 young (73728K), 2 survivors (8192K)
 Metaspace       used 31356K, committed 32320K, reserved 1114112K
  class space    used 4600K, committed 5056K, reserved 1048576K
}
Event: 80.884 GC heap after
{Heap after GC invocations=7 (full 0):
 garbage-first heap   total 110592K, used 29401K [0x0000000600000000, 0x0000000800000000)
  region size 4096K, 2 young (8192K), 2 survivors (8192K)
 Metaspace       used 31356K, committed 32320K, reserved 1114112K
  class space    used 4600K, committed 5056K, reserved 1048576K
}
Event: 87.956 GC heap before
{Heap before GC invocations=7 (full 0):
 garbage-first heap   total 110592K, used 70361K [0x0000000600000000, 0x0000000800000000)
  region size 4096K, 14 young (57344K), 2 survivors (8192K)
 Metaspace       used 34954K, committed 35968K, reserved 1114112K
  class space    used 4983K, committed 5440K, reserved 1048576K
}
Event: 87.976 GC heap after
{Heap after GC invocations=8 (full 0):
 garbage-first heap   total 110592K, used 33935K [0x0000000600000000, 0x0000000800000000)
  region size 4096K, 2 young (8192K), 2 survivors (8192K)
 Metaspace       used 34954K, committed 35968K, reserved 1114112K
  class space    used 4983K, committed 5440K, reserved 1048576K
}
Event: 88.864 GC heap before
{Heap before GC invocations=8 (full 0):
 garbage-first heap   total 110592K, used 33935K [0x0000000600000000, 0x0000000800000000)
  region size 4096K, 3 young (12288K), 2 survivors (8192K)
 Metaspace       used 35263K, committed 36288K, reserved 1114112K
  class space    used 5029K, committed 5504K, reserved 1048576K
}
Event: 88.871 GC heap after
{Heap after GC invocations=9 (full 0):
 garbage-first heap   total 110592K, used 32809K [0x0000000600000000, 0x0000000800000000)
  region size 4096K, 1 young (4096K), 1 survivors (4096K)
 Metaspace       used 35263K, committed 36288K, reserved 1114112K
  class space    used 5029K, committed 5504K, reserved 1048576K
}
Event: 103.274 GC heap before
{Heap before GC invocations=10 (full 0):
 garbage-first heap   total 110592K, used 86057K [0x0000000600000000, 0x0000000800000000)
  region size 4096K, 15 young (61440K), 1 survivors (4096K)
 Metaspace       used 39337K, committed 40704K, reserved 1114112K
  class space    used 5589K, committed 6272K, reserved 1048576K
}
Event: 103.296 GC heap after
{Heap after GC invocations=11 (full 0):
 garbage-first heap   total 110592K, used 35047K [0x0000000600000000, 0x0000000800000000)
  region size 4096K, 2 young (8192K), 2 survivors (8192K)
 Metaspace       used 39337K, committed 40704K, reserved 1114112K
  class space    used 5589K, committed 6272K, reserved 1048576K
}

