# JRE version: OpenJDK Runtime Environment Temurin-21.0.12.1+1 (21.0.12.1+1) (build 21.0.12.1+1-LTS)
# Java VM: OpenJDK 64-Bit Server VM Temurin-21.0.12.1+1 (21.0.12.1+1-LTS, mixed mode, sharing, tiered, compressed oops, compressed class ptrs, g1 gc, windows-amd64)
GC Precious Log:
 CardTable entry size: 512
 Card Set container configuration: InlinePtr #cards 4 size 8 Array Of Cards #cards 32 size 80 Howl #buckets 8 coarsen threshold 7372 Howl Bitmap #cards 1024 size 144 coarsen threshold 921 Card regions per heap region 1 cards per card region 8192
 CPUs: 8 total, 8 available
 Memory: 7886M
 Large Page Support: Disabled
 NUMA Support: Disabled
 Compressed Oops: Enabled (Zero based)
 Heap Region Size: 4M
 Heap Min Capacity: 8M
 Heap Initial Capacity: 124M
 Heap Max Capacity: 8G
 Pre-touch: Disabled
 Parallel Workers: 8
 Concurrent Workers: 2
 Concurrent Refinement Workers: 8
 Periodic GC: Disabled
Heap:
 garbage-first heap   total 131072K, used 57680K [0x0000000600000000, 0x0000000800000000)
  region size 4096K, 1 young (4096K), 1 survivors (4096K)
 Metaspace       used 62925K, committed 67264K, reserved 1114112K
  class space    used 9008K, committed 10560K, reserved 1048576K
GC Heap History (20 events):
Event: 574.305 GC heap after
{Heap after GC invocations=18 (full 0):
 garbage-first heap   total 106496K, used 49850K [0x0000000600000000, 0x0000000800000000)
  region size 4096K, 2 young (8192K), 2 survivors (8192K)
 Metaspace       used 55562K, committed 57472K, reserved 1114112K
  class space    used 8213K, committed 9152K, reserved 1048576K
}
Event: 588.022 GC heap before
{Heap before GC invocations=18 (full 0):
 garbage-first heap   total 106496K, used 70330K [0x0000000600000000, 0x0000000800000000)
  region size 4096K, 7 young (28672K), 2 survivors (8192K)
 Metaspace       used 57573K, committed 59520K, reserved 1114112K
  class space    used 8489K, committed 9472K, reserved 1048576K
}
Event: 588.074 GC heap after
{Heap after GC invocations=19 (full 0):
 garbage-first heap   total 106496K, used 49898K [0x0000000600000000, 0x0000000800000000)
  region size 4096K, 1 young (4096K), 1 survivors (4096K)
 Metaspace       used 57573K, committed 59520K, reserved 1114112K
  class space    used 8489K, committed 9472K, reserved 1048576K
}
Event: 589.928 GC heap before
{Heap before GC invocations=19 (full 0):
 garbage-first heap   total 106496K, used 49898K [0x0000000600000000, 0x0000000800000000)
  region size 4096K, 2 young (8192K), 1 survivors (4096K)
 Metaspace       used 58278K, committed 60160K, reserved 1114112K
  class space    used 8572K, committed 9536K, reserved 1048576K
}
Event: 589.959 GC heap after
{Heap after GC invocations=20 (full 0):
 garbage-first heap   total 106496K, used 49980K [0x0000000600000000, 0x0000000800000000)
  region size 4096K, 1 young (4096K), 1 survivors (4096K)
 Metaspace       used 58278K, committed 60160K, reserved 1114112K
  class space    used 8572K, committed 9536K, reserved 1048576K
}
Event: 620.853 GC heap before
{Heap before GC invocations=21 (full 0):
 garbage-first heap   total 106496K, used 86844K [0x0000000600000000, 0x0000000800000000)
  region size 4096K, 11 young (45056K), 1 survivors (4096K)
 Metaspace       used 61536K, committed 63488K, reserved 1114112K
  class space    used 9038K, committed 9984K, reserved 1048576K
}
Event: 620.889 GC heap after
{Heap after GC invocations=22 (full 0):
 garbage-first heap   total 106496K, used 51856K [0x0000000600000000, 0x0000000800000000)
  region size 4096K, 1 young (4096K), 1 survivors (4096K)
 Metaspace       used 61536K, committed 63488K, reserved 1114112K
  class space    used 9038K, committed 9984K, reserved 1048576K
}
Event: 629.531 GC heap before
{Heap before GC invocations=22 (full 0):
 garbage-first heap   total 106496K, used 64144K [0x0000000600000000, 0x0000000800000000)
  region size 4096K, 5 young (20480K), 1 survivors (4096K)
 Metaspace       used 62372K, committed 64320K, reserved 1114112K
  class space    used 9153K, committed 10112K, reserved 1048576K
}
Event: 629.627 GC heap after
{Heap after GC invocations=23 (full 0):
 garbage-first heap   total 106496K, used 52267K [0x0000000600000000, 0x0000000800000000)
  region size 4096K, 1 young (4096K), 1 survivors (4096K)
 Metaspace       used 62372K, committed 64320K, reserved 1114112K
  class space    used 9153K, committed 10112K, reserved 1048576K
}
Event: 676.290 GC heap before
{Heap before GC invocations=24 (full 0):
 garbage-first heap   total 106496K, used 97323K [0x0000000600000000, 0x0000000800000000)
  region size 4096K, 11 young (45056K), 1 survivors (4096K)
 Metaspace       used 64911K, committed 66880K, reserved 1114112K
  class space    used 9532K, committed 10496K, reserved 1048576K
}
Event: 676.356 GC heap after
{Heap after GC invocations=25 (full 0):
 garbage-first heap   total 110592K, used 58257K [0x0000000600000000, 0x0000000800000000)
  region size 4096K, 2 young (8192K), 2 survivors (8192K)
 Metaspace       used 64911K, committed 66880K, reserved 1114112K
  class space    used 9532K, committed 10496K, reserved 1048576K
}
Event: 13111.097 GC heap before
{Heap before GC invocations=25 (full 0):
 garbage-first heap   total 110592K, used 95121K [0x0000000600000000, 0x0000000800000000)
  region size 4096K, 11 young (45056K), 2 survivors (8192K)
 Metaspace       used 65397K, committed 67328K, reserved 1114112K
  class space    used 9590K, committed 10560K, reserved 1048576K
}
Event: 13112.002 GC heap after
{Heap after GC invocations=26 (full 0):
 garbage-first heap   total 110592K, used 59190K [0x0000000600000000, 0x0000000800000000)
  region size 4096K, 2 young (8192K), 2 survivors (8192K)
 Metaspace       used 65397K, committed 67328K, reserved 1114112K
  class space    used 9590K, committed 10560K, reserved 1048576K
}
Event: 13116.833 GC heap before
{Heap before GC invocations=26 (full 0):
 garbage-first heap   total 110592K, used 63286K [0x0000000600000000, 0x0000000800000000)
  region size 4096K, 3 young (12288K), 2 survivors (8192K)
 Metaspace       used 62862K, committed 67264K, reserved 1114112K
  class space    used 8998K, committed 10560K, reserved 1048576K
}
Event: 13116.851 GC heap after
{Heap after GC invocations=27 (full 0):
 garbage-first heap   total 110592K, used 58960K [0x0000000600000000, 0x0000000800000000)
  region size 4096K, 1 young (4096K), 1 survivors (4096K)
 Metaspace       used 62862K, committed 67264K, reserved 1114112K
  class space    used 8998K, committed 10560K, reserved 1048576K
}
Event: 13117.160 GC heap before
{Heap before GC invocations=28 (full 0):
 garbage-first heap   total 110592K, used 63056K [0x0000000600000000, 0x0000000800000000)
  region size 4096K, 2 young (8192K), 1 survivors (4096K)
 Metaspace       used 62871K, committed 67264K, reserved 1114112K
  class space    used 8999K, committed 10560K, reserved 1048576K
}
Event: 13117.167 GC heap after
{Heap after GC invocations=29 (full 0):
 garbage-first heap   total 110592K, used 58510K [0x0000000600000000, 0x0000000800000000)
  region size 4096K, 1 young (4096K), 1 survivors (4096K)
 Metaspace       used 62871K, committed 67264K, reserved 1114112K
  class space    used 8999K, committed 10560K, reserved 1048576K
}
Event: 13127.630 GC heap before
{Heap before GC invocations=29 (full 0):
 garbage-first heap   total 110592K, used 95374K [0x0000000600000000, 0x0000000800000000)
  region size 4096K, 10 young (40960K), 1 survivors (4096K)
 Metaspace       used 62924K, committed 67264K, reserved 1114112K
  class space    used 9008K, committed 10560K, reserved 1048576K
}
Event: 13139.692 GC heap after
{Heap after GC invocations=30 (full 0):
 garbage-first heap   total 110592K, used 57588K [0x0000000600000000, 0x0000000800000000)
  region size 4096K, 1 young (4096K), 1 survivors (4096K)
 Metaspace       used 62924K, committed 67264K, reserved 1114112K
  class space    used 9008K, committed 10560K, reserved 1048576K
}
Event: 13144.023 GC heap before
{Heap before GC invocations=30 (full 0):
 garbage-first heap   total 110592K, used 98548K [0x0000000600000000, 0x0000000800000000)
  region size 4096K, 11 young (45056K), 1 survivors (4096K)
 Metaspace       used 62925K, committed 67264K, reserved 1114112K
  class space    used 9008K, committed 10560K, reserved 1048576K
}

