# JRE version: OpenJDK Runtime Environment Temurin-21.0.12.1+1 (21.0.12.1+1) (build 21.0.12.1+1-LTS)
# Java VM: OpenJDK 64-Bit Server VM Temurin-21.0.12.1+1 (21.0.12.1+1-LTS, mixed mode, sharing, tiered, compressed oops, compressed class ptrs, g1 gc, windows-amd64)
GC Precious Log:
 CardTable entry size: 512
 Card Set container configuration: InlinePtr #cards 4 size 8 Array Of Cards #cards 32 size 80 Howl #buckets 8 coarsen threshold 7372 Howl Bitmap #cards 1024 size 144 coarsen threshold 921 Card regions per heap region 1 cards per card region 8192
 CPUs: 8 total, 8 available
 Memory: 7886M
 Large Page Support: Disabled
 NUMA Support: Disabled
 Compressed Oops: Enabled (Zero based)
 Heap Region Size: 4M
 Heap Min Capacity: 8M
 Heap Initial Capacity: 124M
 Heap Max Capacity: 8G
 Pre-touch: Disabled
 Parallel Workers: 8
 Concurrent Workers: 2
 Concurrent Refinement Workers: 8
 Periodic GC: Disabled
Heap:
 garbage-first heap   total 114688K, used 58724K [0x0000000600000000, 0x0000000800000000)
  region size 4096K, 1 young (4096K), 1 survivors (4096K)
 Metaspace       used 66226K, committed 70400K, reserved 1114112K
  class space    used 9497K, committed 11008K, reserved 1048576K
GC Heap History (20 events):
Event: 315.820 GC heap after
{Heap after GC invocations=28 (full 0):
 garbage-first heap   total 102400K, used 58225K [0x0000000600000000, 0x0000000800000000)
  region size 4096K, 1 young (4096K), 1 survivors (4096K)
 Metaspace       used 63661K, committed 65664K, reserved 1114112K
  class space    used 9365K, committed 10368K, reserved 1048576K
}
Event: 341.968 GC heap before
{Heap before GC invocations=28 (full 0):
 garbage-first heap   total 102400K, used 90993K [0x0000000600000000, 0x0000000800000000)
  region size 4096K, 9 young (36864K), 1 survivors (4096K)
 Metaspace       used 65223K, committed 67200K, reserved 1114112K
  class space    used 9582K, committed 10560K, reserved 1048576K
}
Event: 343.135 GC heap after
{Heap after GC invocations=29 (full 0):
 garbage-first heap   total 102400K, used 59815K [0x0000000600000000, 0x0000000800000000)
  region size 4096K, 2 young (8192K), 2 survivors (8192K)
 Metaspace       used 65223K, committed 67200K, reserved 1114112K
  class space    used 9582K, committed 10560K, reserved 1048576K
}
Event: 391.678 GC heap before
{Heap before GC invocations=30 (full 0):
 garbage-first heap   total 110592K, used 88487K [0x0000000600000000, 0x0000000800000000)
  region size 4096K, 9 young (36864K), 2 survivors (8192K)
 Metaspace       used 66729K, committed 68736K, reserved 1114112K
  class space    used 9797K, committed 10816K, reserved 1048576K
}
Event: 391.746 GC heap after
{Heap after GC invocations=31 (full 0):
 garbage-first heap   total 110592K, used 61089K [0x0000000600000000, 0x0000000800000000)
  region size 4096K, 2 young (8192K), 2 survivors (8192K)
 Metaspace       used 66729K, committed 68736K, reserved 1114112K
  class space    used 9797K, committed 10816K, reserved 1048576K
}
Event: 12779.688 GC heap before
{Heap before GC invocations=31 (full 0):
 garbage-first heap   total 110592K, used 97953K [0x0000000600000000, 0x0000000800000000)
  region size 4096K, 11 young (45056K), 2 survivors (8192K)
 Metaspace       used 68306K, committed 70336K, reserved 1114112K
  class space    used 10040K, committed 11008K, reserved 1048576K
}
Event: 12780.036 GC heap after
{Heap after GC invocations=32 (full 0):
 garbage-first heap   total 110592K, used 62245K [0x0000000600000000, 0x0000000800000000)
  region size 4096K, 2 young (8192K), 2 survivors (8192K)
 Metaspace       used 68306K, committed 70336K, reserved 1114112K
  class space    used 10040K, committed 11008K, reserved 1048576K
}
Event: 12787.723 GC heap before
{Heap before GC invocations=33 (full 0):
 garbage-first heap   total 110592K, used 66341K [0x0000000600000000, 0x0000000800000000)
  region size 4096K, 3 young (12288K), 2 survivors (8192K)
 Metaspace       used 65716K, committed 70336K, reserved 1114112K
  class space    used 9431K, committed 11008K, reserved 1048576K
}
Event: 12787.732 GC heap after
{Heap after GC invocations=34 (full 0):
 garbage-first heap   total 110592K, used 62124K [0x0000000600000000, 0x0000000800000000)
  region size 4096K, 1 young (4096K), 1 survivors (4096K)
 Metaspace       used 65716K, committed 70336K, reserved 1114112K
  class space    used 9431K, committed 11008K, reserved 1048576K
}
Event: 12806.032 GC heap before
{Heap before GC invocations=34 (full 0):
 garbage-first heap   total 110592K, used 94892K [0x0000000600000000, 0x0000000800000000)
  region size 4096K, 10 young (40960K), 1 survivors (4096K)
 Metaspace       used 66002K, committed 70400K, reserved 1114112K
  class space    used 9468K, committed 11008K, reserved 1048576K
}
Event: 12806.124 GC heap after
{Heap after GC invocations=35 (full 0):
 garbage-first heap   total 110592K, used 61048K [0x0000000600000000, 0x0000000800000000)
  region size 4096K, 1 young (4096K), 1 survivors (4096K)
 Metaspace       used 66002K, committed 70400K, reserved 1114112K
  class space    used 9468K, committed 11008K, reserved 1048576K
}
Event: 12816.316 GC heap before
{Heap before GC invocations=35 (full 0):
 garbage-first heap   total 110592K, used 97912K [0x0000000600000000, 0x0000000800000000)
  region size 4096K, 10 young (40960K), 1 survivors (4096K)
 Metaspace       used 66050K, committed 70400K, reserved 1114112K
  class space    used 9470K, committed 11008K, reserved 1048576K
}
Event: 12816.323 GC heap after
{Heap after GC invocations=36 (full 0):
 garbage-first heap   total 110592K, used 61072K [0x0000000600000000, 0x0000000800000000)
  region size 4096K, 1 young (4096K), 1 survivors (4096K)
 Metaspace       used 66050K, committed 70400K, reserved 1114112K
  class space    used 9470K, committed 11008K, reserved 1048576K
}
Event: 12817.651 GC heap before
{Heap before GC invocations=37 (full 0):
 garbage-first heap   total 110592K, used 97936K [0x0000000600000000, 0x0000000800000000)
  region size 4096K, 10 young (40960K), 1 survivors (4096K)
 Metaspace       used 65962K, committed 70400K, reserved 1114112K
  class space    used 9448K, committed 11008K, reserved 1048576K
}
Event: 12817.654 GC heap after
{Heap after GC invocations=38 (full 0):
 garbage-first heap   total 110592K, used 61081K [0x0000000600000000, 0x0000000800000000)
  region size 4096K, 1 young (4096K), 1 survivors (4096K)
 Metaspace       used 65962K, committed 70400K, reserved 1114112K
  class space    used 9448K, committed 11008K, reserved 1048576K
}
Event: 12818.878 GC heap before
{Heap before GC invocations=38 (full 0):
 garbage-first heap   total 110592K, used 97945K [0x0000000600000000, 0x0000000800000000)
  region size 4096K, 10 young (40960K), 1 survivors (4096K)
 Metaspace       used 65962K, committed 70400K, reserved 1114112K
  class space    used 9448K, committed 11008K, reserved 1048576K
}
Event: 12819.124 GC heap after
{Heap after GC invocations=39 (full 0):
 garbage-first heap   total 110592K, used 58698K [0x0000000600000000, 0x0000000800000000)
  region size 4096K, 1 young (4096K), 1 survivors (4096K)
 Metaspace       used 65962K, committed 70400K, reserved 1114112K
  class space    used 9448K, committed 11008K, reserved 1048576K
}
Event: 12847.111 GC heap before
{Heap before GC invocations=39 (full 0):
 garbage-first heap   total 110592K, used 95562K [0x0000000600000000, 0x0000000800000000)
  region size 4096K, 11 young (45056K), 1 survivors (4096K)
 Metaspace       used 66217K, committed 70400K, reserved 1114112K
  class space    used 9496K, committed 11008K, reserved 1048576K
}
Event: 12860.500 GC heap after
{Heap after GC invocations=40 (full 0):
 garbage-first heap   total 110592K, used 58728K [0x0000000600000000, 0x0000000800000000)
  region size 4096K, 1 young (4096K), 1 survivors (4096K)
 Metaspace       used 66217K, committed 70400K, reserved 1114112K
  class space    used 9496K, committed 11008K, reserved 1048576K
}
Event: 12872.986 GC heap before
{Heap before GC invocations=40 (full 0):
 garbage-first heap   total 110592K, used 62824K [0x0000000600000000, 0x0000000800000000)
  region size 4096K, 2 young (8192K), 1 survivors (4096K)
 Metaspace       used 66226K, committed 70400K, reserved 1114112K
  class space    used 9497K, committed 11008K, reserved 1048576K
}

