# JRE version: OpenJDK Runtime Environment Temurin-21.0.12.1+1 (21.0.12.1+1) (build 21.0.12.1+1-LTS)
# Java VM: OpenJDK 64-Bit Server VM Temurin-21.0.12.1+1 (21.0.12.1+1-LTS, mixed mode, sharing, tiered, compressed oops, compressed class ptrs, g1 gc, windows-amd64)
GC Precious Log:
 CardTable entry size: 512
 Card Set container configuration: InlinePtr #cards 4 size 8 Array Of Cards #cards 32 size 80 Howl #buckets 8 coarsen threshold 7372 Howl Bitmap #cards 1024 size 144 coarsen threshold 921 Card regions per heap region 1 cards per card region 8192
 CPUs: 8 total, 8 available
 Memory: 7886M
 Large Page Support: Disabled
 NUMA Support: Disabled
 Compressed Oops: Enabled (Zero based)
 Heap Region Size: 4M
 Heap Min Capacity: 8M
 Heap Initial Capacity: 124M
 Heap Max Capacity: 8G
 Pre-touch: Disabled
 Parallel Workers: 8
 Concurrent Workers: 2
 Concurrent Refinement Workers: 8
 Periodic GC: Disabled
Heap:
 garbage-first heap   total 110592K, used 57363K [0x0000000600000000, 0x0000000800000000)
  region size 4096K, 3 young (12288K), 1 survivors (4096K)
 Metaspace       used 60300K, committed 62208K, reserved 1114112K
  class space    used 8781K, committed 9728K, reserved 1048576K
GC Heap History (20 events):
Event: 33.960 GC heap before
{Heap before GC invocations=4 (full 0):
 garbage-first heap   total 126976K, used 70838K [0x0000000600000000, 0x0000000800000000)
  region size 4096K, 15 young (61440K), 2 survivors (8192K)
 Metaspace       used 20856K, committed 21504K, reserved 1114112K
  class space    used 3078K, committed 3392K, reserved 1048576K
}
Event: 33.992 GC heap after
{Heap after GC invocations=5 (full 0):
 garbage-first heap   total 126976K, used 25043K [0x0000000600000000, 0x0000000800000000)
  region size 4096K, 3 young (12288K), 3 survivors (12288K)
 Metaspace       used 20856K, committed 21504K, reserved 1114112K
  class space    used 3078K, committed 3392K, reserved 1048576K
}
Event: 64.133 GC heap before
{Heap before GC invocations=6 (full 0):
 garbage-first heap   total 110592K, used 86483K [0x0000000600000000, 0x0000000800000000)
  region size 4096K, 18 young (73728K), 3 survivors (12288K)
 Metaspace       used 30580K, committed 31552K, reserved 1114112K
  class space    used 4465K, committed 4928K, reserved 1048576K
}
Event: 64.189 GC heap after
{Heap after GC invocations=7 (full 0):
 garbage-first heap   total 110592K, used 29317K [0x0000000600000000, 0x0000000800000000)
  region size 4096K, 2 young (8192K), 2 survivors (8192K)
 Metaspace       used 30580K, committed 31552K, reserved 1114112K
  class space    used 4465K, committed 4928K, reserved 1048576K
}
Event: 74.298 GC heap before
{Heap before GC invocations=7 (full 0):
 garbage-first heap   total 110592K, used 74373K [0x0000000600000000, 0x0000000800000000)
  region size 4096K, 15 young (61440K), 2 survivors (8192K)
 Metaspace       used 35058K, committed 36096K, reserved 1114112K
  class space    used 4980K, committed 5504K, reserved 1048576K
}
Event: 74.341 GC heap after
{Heap after GC invocations=8 (full 0):
 garbage-first heap   total 110592K, used 33671K [0x0000000600000000, 0x0000000800000000)
  region size 4096K, 2 young (8192K), 2 survivors (8192K)
 Metaspace       used 35058K, committed 36096K, reserved 1114112K
  class space    used 4980K, committed 5504K, reserved 1048576K
}
Event: 74.801 GC heap before
{Heap before GC invocations=8 (full 0):
 garbage-first heap   total 110592K, used 33671K [0x0000000600000000, 0x0000000800000000)
  region size 4096K, 3 young (12288K), 2 survivors (8192K)
 Metaspace       used 35362K, committed 36416K, reserved 1114112K
  class space    used 5034K, committed 5568K, reserved 1048576K
}
Event: 74.829 GC heap after
{Heap after GC invocations=9 (full 0):
 garbage-first heap   total 110592K, used 34260K [0x0000000600000000, 0x0000000800000000)
  region size 4096K, 1 young (4096K), 1 survivors (4096K)
 Metaspace       used 35362K, committed 36416K, reserved 1114112K
  class space    used 5034K, committed 5568K, reserved 1048576K
}
Event: 87.910 GC heap before
{Heap before GC invocations=10 (full 0):
 garbage-first heap   total 110592K, used 91604K [0x0000000600000000, 0x0000000800000000)
  region size 4096K, 15 young (61440K), 1 survivors (4096K)
 Metaspace       used 39414K, committed 40768K, reserved 1114112K
  class space    used 5591K, committed 6272K, reserved 1048576K
}
Event: 87.926 GC heap after
{Heap after GC invocations=11 (full 0):
 garbage-first heap   total 110592K, used 36118K [0x0000000600000000, 0x0000000800000000)
  region size 4096K, 2 young (8192K), 2 survivors (8192K)
 Metaspace       used 39414K, committed 40768K, reserved 1114112K
  class space    used 5591K, committed 6272K, reserved 1048576K
}
Event: 96.877 GC heap before
{Heap before GC invocations=11 (full 0):
 garbage-first heap   total 110592K, used 89366K [0x0000000600000000, 0x0000000800000000)
  region size 4096K, 15 young (61440K), 2 survivors (8192K)
 Metaspace       used 43540K, committed 45120K, reserved 1114112K
  class space    used 6259K, committed 7040K, reserved 1048576K
}
Event: 96.902 GC heap after
{Heap after GC invocations=12 (full 0):
 garbage-first heap   total 110592K, used 37500K [0x0000000600000000, 0x0000000800000000)
  region size 4096K, 2 young (8192K), 2 survivors (8192K)
 Metaspace       used 43540K, committed 45120K, reserved 1114112K
  class space    used 6259K, committed 7040K, reserved 1048576K
}
Event: 113.877 GC heap before
{Heap before GC invocations=12 (full 0):
 garbage-first heap   total 110592K, used 90748K [0x0000000600000000, 0x0000000800000000)
  region size 4096K, 15 young (61440K), 2 survivors (8192K)
 Metaspace       used 48777K, committed 50496K, reserved 1114112K
  class space    used 7110K, committed 7936K, reserved 1048576K
}
Event: 114.004 GC heap after
{Heap after GC invocations=13 (full 0):
 garbage-first heap   total 110592K, used 40129K [0x0000000600000000, 0x0000000800000000)
  region size 4096K, 2 young (8192K), 2 survivors (8192K)
 Metaspace       used 48777K, committed 50496K, reserved 1114112K
  class space    used 7110K, committed 7936K, reserved 1048576K
}
Event: 127.949 GC heap before
{Heap before GC invocations=13 (full 0):
 garbage-first heap   total 110592K, used 89281K [0x0000000600000000, 0x0000000800000000)
  region size 4096K, 15 young (61440K), 2 survivors (8192K)
 Metaspace       used 51678K, committed 53504K, reserved 1114112K
  class space    used 7541K, committed 8448K, reserved 1048576K
}
Event: 127.993 GC heap after
{Heap after GC invocations=14 (full 0):
 garbage-first heap   total 110592K, used 42843K [0x0000000600000000, 0x0000000800000000)
  region size 4096K, 2 young (8192K), 2 survivors (8192K)
 Metaspace       used 51678K, committed 53504K, reserved 1114112K
  class space    used 7541K, committed 8448K, reserved 1048576K
}
Event: 142.349 GC heap before
{Heap before GC invocations=14 (full 0):
 garbage-first heap   total 110592K, used 91995K [0x0000000600000000, 0x0000000800000000)
  region size 4096K, 14 young (57344K), 2 survivors (8192K)
 Metaspace       used 56159K, committed 57984K, reserved 1114112K
  class space    used 8253K, committed 9152K, reserved 1048576K
}
Event: 142.410 GC heap after
{Heap after GC invocations=15 (full 0):
 garbage-first heap   total 110592K, used 52073K [0x0000000600000000, 0x0000000800000000)
  region size 4096K, 2 young (8192K), 2 survivors (8192K)
 Metaspace       used 56159K, committed 57984K, reserved 1114112K
  class space    used 8253K, committed 9152K, reserved 1048576K
}
Event: 154.871 GC heap before
{Heap before GC invocations=15 (full 0):
 garbage-first heap   total 110592K, used 76649K [0x0000000600000000, 0x0000000800000000)
  region size 4096K, 9 young (36864K), 2 survivors (8192K)
 Metaspace       used 58918K, committed 60800K, reserved 1114112K
  class space    used 8618K, committed 9536K, reserved 1048576K
}
Event: 154.922 GC heap after
{Heap after GC invocations=16 (full 0):
 garbage-first heap   total 110592K, used 53267K [0x0000000600000000, 0x0000000800000000)
  region size 4096K, 1 young (4096K), 1 survivors (4096K)
 Metaspace       used 58918K, committed 60800K, reserved 1114112K
  class space    used 8618K, committed 9536K, reserved 1048576K
}

