# JRE version: OpenJDK Runtime Environment Temurin-21.0.12.1+1 (21.0.12.1+1) (build 21.0.12.1+1-LTS)
# Java VM: OpenJDK 64-Bit Server VM Temurin-21.0.12.1+1 (21.0.12.1+1-LTS, mixed mode, sharing, tiered, compressed oops, compressed class ptrs, g1 gc, windows-amd64)
GC Precious Log:
 CardTable entry size: 512
 Card Set container configuration: InlinePtr #cards 4 size 8 Array Of Cards #cards 32 size 80 Howl #buckets 8 coarsen threshold 7372 Howl Bitmap #cards 1024 size 144 coarsen threshold 921 Card regions per heap region 1 cards per card region 8192
 CPUs: 8 total, 8 available
 Memory: 7886M
 Large Page Support: Disabled
 NUMA Support: Disabled
 Compressed Oops: Enabled (Zero based)
 Heap Region Size: 4M
 Heap Min Capacity: 8M
 Heap Initial Capacity: 124M
 Heap Max Capacity: 8G
 Pre-touch: Disabled
 Parallel Workers: 8
 Concurrent Workers: 2
 Concurrent Refinement Workers: 8
 Periodic GC: Disabled
Heap:
 garbage-first heap   total 126976K, used 42073K [0x0000000600000000, 0x0000000800000000)
  region size 4096K, 1 young (4096K), 1 survivors (4096K)
 Metaspace       used 53201K, committed 55104K, reserved 1114112K
  class space    used 7901K, committed 8832K, reserved 1048576K
GC Heap History (20 events):
Event: 144.839 GC heap after
{Heap after GC invocations=12 (full 0):
 garbage-first heap   total 98304K, used 35095K [0x0000000600000000, 0x0000000800000000)
  region size 4096K, 2 young (8192K), 2 survivors (8192K)
 Metaspace       used 39919K, committed 41408K, reserved 1114112K
  class space    used 5764K, committed 6464K, reserved 1048576K
}
Event: 181.248 GC heap before
{Heap before GC invocations=12 (full 0):
 garbage-first heap   total 98304K, used 84247K [0x0000000600000000, 0x0000000800000000)
  region size 4096K, 14 young (57344K), 2 survivors (8192K)
 Metaspace       used 43085K, committed 44672K, reserved 1114112K
  class space    used 6289K, committed 7040K, reserved 1048576K
}
Event: 181.319 GC heap after
{Heap after GC invocations=13 (full 0):
 garbage-first heap   total 102400K, used 35898K [0x0000000600000000, 0x0000000800000000)
  region size 4096K, 2 young (8192K), 2 survivors (8192K)
 Metaspace       used 43085K, committed 44672K, reserved 1114112K
  class space    used 6289K, committed 7040K, reserved 1048576K
}
Event: 239.996 GC heap before
{Heap before GC invocations=13 (full 0):
 garbage-first heap   total 102400K, used 85050K [0x0000000600000000, 0x0000000800000000)
  region size 4096K, 14 young (57344K), 2 survivors (8192K)
 Metaspace       used 47753K, committed 49408K, reserved 1114112K
  class space    used 7023K, committed 7808K, reserved 1048576K
}
Event: 240.091 GC heap after
{Heap after GC invocations=14 (full 0):
 garbage-first heap   total 102400K, used 39258K [0x0000000600000000, 0x0000000800000000)
  region size 4096K, 2 young (8192K), 2 survivors (8192K)
 Metaspace       used 47753K, committed 49408K, reserved 1114112K
  class space    used 7023K, committed 7808K, reserved 1048576K
}
Event: 352.042 GC heap before
{Heap before GC invocations=14 (full 0):
 garbage-first heap   total 102400K, used 88410K [0x0000000600000000, 0x0000000800000000)
  region size 4096K, 14 young (57344K), 2 survivors (8192K)
 Metaspace       used 49500K, committed 51264K, reserved 1114112K
  class space    used 7270K, committed 8128K, reserved 1048576K
}
Event: 352.252 GC heap after
{Heap after GC invocations=15 (full 0):
 garbage-first heap   total 102400K, used 40538K [0x0000000600000000, 0x0000000800000000)
  region size 4096K, 2 young (8192K), 2 survivors (8192K)
 Metaspace       used 49500K, committed 51264K, reserved 1114112K
  class space    used 7270K, committed 8128K, reserved 1048576K
}
Event: 12771.639 GC heap before
{Heap before GC invocations=15 (full 0):
 garbage-first heap   total 102400K, used 85594K [0x0000000600000000, 0x0000000800000000)
  region size 4096K, 13 young (53248K), 2 survivors (8192K)
 Metaspace       used 52615K, committed 54528K, reserved 1114112K
  class space    used 7815K, committed 8768K, reserved 1048576K
}
Event: 12772.442 GC heap after
{Heap after GC invocations=16 (full 0):
 garbage-first heap   total 102400K, used 42349K [0x0000000600000000, 0x0000000800000000)
  region size 4096K, 2 young (8192K), 2 survivors (8192K)
 Metaspace       used 52615K, committed 54528K, reserved 1114112K
  class space    used 7815K, committed 8768K, reserved 1048576K
}
Event: 12775.021 GC heap before
{Heap before GC invocations=16 (full 0):
 garbage-first heap   total 102400K, used 46445K [0x0000000600000000, 0x0000000800000000)
  region size 4096K, 3 young (12288K), 2 survivors (8192K)
 Metaspace       used 52620K, committed 54528K, reserved 1114112K
  class space    used 7815K, committed 8768K, reserved 1048576K
}
Event: 12775.061 GC heap after
{Heap after GC invocations=17 (full 0):
 garbage-first heap   total 102400K, used 42163K [0x0000000600000000, 0x0000000800000000)
  region size 4096K, 1 young (4096K), 1 survivors (4096K)
 Metaspace       used 52620K, committed 54528K, reserved 1114112K
  class space    used 7815K, committed 8768K, reserved 1048576K
}
Event: 12802.639 GC heap before
{Heap before GC invocations=17 (full 0):
 garbage-first heap   total 102400K, used 91315K [0x0000000600000000, 0x0000000800000000)
  region size 4096K, 13 young (53248K), 1 survivors (4096K)
 Metaspace       used 52806K, committed 54656K, reserved 1114112K
  class space    used 7836K, committed 8768K, reserved 1048576K
}
Event: 12802.676 GC heap after
{Heap after GC invocations=18 (full 0):
 garbage-first heap   total 102400K, used 42069K [0x0000000600000000, 0x0000000800000000)
  region size 4096K, 1 young (4096K), 1 survivors (4096K)
 Metaspace       used 52806K, committed 54656K, reserved 1114112K
  class space    used 7836K, committed 8768K, reserved 1048576K
}
Event: 12834.059 GC heap before
{Heap before GC invocations=18 (full 0):
 garbage-first heap   total 102400K, used 91221K [0x0000000600000000, 0x0000000800000000)
  region size 4096K, 13 young (53248K), 1 survivors (4096K)
 Metaspace       used 53195K, committed 55104K, reserved 1114112K
  class space    used 7901K, committed 8832K, reserved 1048576K
}
Event: 12834.787 GC heap after
{Heap after GC invocations=19 (full 0):
 garbage-first heap   total 102400K, used 41996K [0x0000000600000000, 0x0000000800000000)
  region size 4096K, 1 young (4096K), 1 survivors (4096K)
 Metaspace       used 53195K, committed 55104K, reserved 1114112K
  class space    used 7901K, committed 8832K, reserved 1048576K
}
Event: 12835.169 GC heap before
{Heap before GC invocations=19 (full 0):
 garbage-first heap   total 102400K, used 46092K [0x0000000600000000, 0x0000000800000000)
  region size 4096K, 2 young (8192K), 1 survivors (4096K)
 Metaspace       used 53195K, committed 55104K, reserved 1114112K
  class space    used 7901K, committed 8832K, reserved 1048576K
}
Event: 12835.176 GC heap after
{Heap after GC invocations=20 (full 0):
 garbage-first heap   total 102400K, used 41978K [0x0000000600000000, 0x0000000800000000)
  region size 4096K, 1 young (4096K), 1 survivors (4096K)
 Metaspace       used 53195K, committed 55104K, reserved 1114112K
  class space    used 7901K, committed 8832K, reserved 1048576K
}
Event: 12850.017 GC heap before
{Heap before GC invocations=20 (full 0):
 garbage-first heap   total 102400K, used 87034K [0x0000000600000000, 0x0000000800000000)
  region size 4096K, 13 young (53248K), 1 survivors (4096K)
 Metaspace       used 53198K, committed 55104K, reserved 1114112K
  class space    used 7901K, committed 8832K, reserved 1048576K
}
Event: 12853.904 GC heap after
{Heap after GC invocations=21 (full 0):
 garbage-first heap   total 102400K, used 41923K [0x0000000600000000, 0x0000000800000000)
  region size 4096K, 1 young (4096K), 1 survivors (4096K)
 Metaspace       used 53198K, committed 55104K, reserved 1114112K
  class space    used 7901K, committed 8832K, reserved 1048576K
}
Event: 12854.220 GC heap before
{Heap before GC invocations=21 (full 0):
 garbage-first heap   total 102400K, used 46019K [0x0000000600000000, 0x0000000800000000)
  region size 4096K, 2 young (8192K), 1 survivors (4096K)
 Metaspace       used 53201K, committed 55104K, reserved 1114112K
  class space    used 7901K, committed 8832K, reserved 1048576K
}

