# JRE version: OpenJDK Runtime Environment Temurin-21.0.12.1+1 (21.0.12.1+1) (build 21.0.12.1+1-LTS)
# Java VM: OpenJDK 64-Bit Server VM Temurin-21.0.12.1+1 (21.0.12.1+1-LTS, mixed mode, sharing, tiered, compressed oops, compressed class ptrs, g1 gc, windows-amd64)
GC Precious Log:
 CardTable entry size: 512
 Card Set container configuration: InlinePtr #cards 4 size 8 Array Of Cards #cards 32 size 80 Howl #buckets 8 coarsen threshold 7372 Howl Bitmap #cards 1024 size 144 coarsen threshold 921 Card regions per heap region 1 cards per card region 8192
 CPUs: 8 total, 8 available
 Memory: 7886M
 Large Page Support: Disabled
 NUMA Support: Disabled
 Compressed Oops: Enabled (Zero based)
 Heap Region Size: 4M
 Heap Min Capacity: 8M
 Heap Initial Capacity: 124M
 Heap Max Capacity: 8G
 Pre-touch: Disabled
 Parallel Workers: 8
 Concurrent Workers: 2
 Concurrent Refinement Workers: 8
 Periodic GC: Disabled
Heap:
 garbage-first heap   total 147456K, used 61559K [0x0000000600000000, 0x0000000800000000)
  region size 4096K, 1 young (4096K), 1 survivors (4096K)
 Metaspace       used 68785K, committed 70784K, reserved 1114112K
  class space    used 10090K, committed 11072K, reserved 1048576K
GC Heap History (20 events):
Event: 110.913 GC heap after
{Heap after GC invocations=11 (full 0):
 garbage-first heap   total 147456K, used 34841K [0x0000000600000000, 0x0000000800000000)
  region size 4096K, 2 young (8192K), 2 survivors (8192K)
 Metaspace       used 41411K, committed 42944K, reserved 1114112K
  class space    used 6034K, committed 6784K, reserved 1048576K
}
Event: 147.310 GC heap before
{Heap before GC invocations=11 (full 0):
 garbage-first heap   total 147456K, used 112665K [0x0000000600000000, 0x0000000800000000)
  region size 4096K, 21 young (86016K), 2 survivors (8192K)
 Metaspace       used 47194K, committed 48896K, reserved 1114112K
  class space    used 6978K, committed 7808K, reserved 1048576K
}
Event: 147.335 GC heap after
{Heap after GC invocations=12 (full 0):
 garbage-first heap   total 147456K, used 37290K [0x0000000600000000, 0x0000000800000000)
  region size 4096K, 2 young (8192K), 2 survivors (8192K)
 Metaspace       used 47194K, committed 48896K, reserved 1114112K
  class space    used 6978K, committed 7808K, reserved 1048576K
}
Event: 244.261 GC heap before
{Heap before GC invocations=12 (full 0):
 garbage-first heap   total 147456K, used 115114K [0x0000000600000000, 0x0000000800000000)
  region size 4096K, 21 young (86016K), 2 survivors (8192K)
 Metaspace       used 51435K, committed 53248K, reserved 1114112K
  class space    used 7631K, committed 8512K, reserved 1048576K
}
Event: 244.421 GC heap after
{Heap after GC invocations=13 (full 0):
 garbage-first heap   total 147456K, used 40563K [0x0000000600000000, 0x0000000800000000)
  region size 4096K, 3 young (12288K), 3 survivors (12288K)
 Metaspace       used 51435K, committed 53248K, reserved 1114112K
  class space    used 7631K, committed 8512K, reserved 1048576K
}
Event: 312.679 GC heap before
{Heap before GC invocations=13 (full 0):
 garbage-first heap   total 147456K, used 106099K [0x0000000600000000, 0x0000000800000000)
  region size 4096K, 20 young (81920K), 3 survivors (12288K)
 Metaspace       used 58232K, committed 60096K, reserved 1114112K
  class space    used 8580K, committed 9536K, reserved 1048576K
}
Event: 312.813 GC heap after
{Heap after GC invocations=14 (full 0):
 garbage-first heap   total 147456K, used 50799K [0x0000000600000000, 0x0000000800000000)
  region size 4096K, 3 young (12288K), 3 survivors (12288K)
 Metaspace       used 58232K, committed 60096K, reserved 1114112K
  class space    used 8580K, committed 9536K, reserved 1048576K
}
Event: 334.140 GC heap before
{Heap before GC invocations=15 (full 0):
 garbage-first heap   total 147456K, used 128623K [0x0000000600000000, 0x0000000800000000)
  region size 4096K, 21 young (86016K), 3 survivors (12288K)
 Metaspace       used 63456K, committed 65344K, reserved 1114112K
  class space    used 9329K, committed 10240K, reserved 1048576K
}
Event: 334.266 GC heap after
{Heap after GC invocations=16 (full 0):
 garbage-first heap   total 147456K, used 58270K [0x0000000600000000, 0x0000000800000000)
  region size 4096K, 3 young (12288K), 3 survivors (12288K)
 Metaspace       used 63456K, committed 65344K, reserved 1114112K
  class space    used 9329K, committed 10240K, reserved 1048576K
}
Event: 377.586 GC heap before
{Heap before GC invocations=16 (full 0):
 garbage-first heap   total 147456K, used 123806K [0x0000000600000000, 0x0000000800000000)
  region size 4096K, 20 young (81920K), 3 survivors (12288K)
 Metaspace       used 67685K, committed 69632K, reserved 1114112K
  class space    used 9924K, committed 10880K, reserved 1048576K
}
Event: 377.653 GC heap after
{Heap after GC invocations=17 (full 0):
 garbage-first heap   total 147456K, used 62003K [0x0000000600000000, 0x0000000800000000)
  region size 4096K, 2 young (8192K), 2 survivors (8192K)
 Metaspace       used 67685K, committed 69632K, reserved 1114112K
  class space    used 9924K, committed 10880K, reserved 1048576K
}
Event: 12862.956 GC heap before
{Heap before GC invocations=17 (full 0):
 garbage-first heap   total 147456K, used 127539K [0x0000000600000000, 0x0000000800000000)
  region size 4096K, 19 young (77824K), 2 survivors (8192K)
 Metaspace       used 68600K, committed 70592K, reserved 1114112K
  class space    used 10062K, committed 11072K, reserved 1048576K
}
Event: 12863.149 GC heap after
{Heap after GC invocations=18 (full 0):
 garbage-first heap   total 147456K, used 62658K [0x0000000600000000, 0x0000000800000000)
  region size 4096K, 2 young (8192K), 2 survivors (8192K)
 Metaspace       used 68600K, committed 70592K, reserved 1114112K
  class space    used 10062K, committed 11072K, reserved 1048576K
}
Event: 12902.071 GC heap before
{Heap before GC invocations=18 (full 0):
 garbage-first heap   total 147456K, used 128194K [0x0000000600000000, 0x0000000800000000)
  region size 4096K, 18 young (73728K), 2 survivors (8192K)
 Metaspace       used 68780K, committed 70784K, reserved 1114112K
  class space    used 10090K, committed 11072K, reserved 1048576K
}
Event: 12906.260 GC heap after
{Heap after GC invocations=19 (full 0):
 garbage-first heap   total 147456K, used 61745K [0x0000000600000000, 0x0000000800000000)
  region size 4096K, 1 young (4096K), 1 survivors (4096K)
 Metaspace       used 68780K, committed 70784K, reserved 1114112K
  class space    used 10090K, committed 11072K, reserved 1048576K
}
Event: 12907.226 GC heap before
{Heap before GC invocations=19 (full 0):
 garbage-first heap   total 147456K, used 65841K [0x0000000600000000, 0x0000000800000000)
  region size 4096K, 2 young (8192K), 1 survivors (4096K)
 Metaspace       used 68782K, committed 70784K, reserved 1114112K
  class space    used 10090K, committed 11072K, reserved 1048576K
}
Event: 12911.301 GC heap after
{Heap after GC invocations=20 (full 0):
 garbage-first heap   total 147456K, used 61900K [0x0000000600000000, 0x0000000800000000)
  region size 4096K, 1 young (4096K), 1 survivors (4096K)
 Metaspace       used 68782K, committed 70784K, reserved 1114112K
  class space    used 10090K, committed 11072K, reserved 1048576K
}
Event: 12912.706 GC heap before
{Heap before GC invocations=20 (full 0):
 garbage-first heap   total 147456K, used 65996K [0x0000000600000000, 0x0000000800000000)
  region size 4096K, 2 young (8192K), 1 survivors (4096K)
 Metaspace       used 68785K, committed 70784K, reserved 1114112K
  class space    used 10090K, committed 11072K, reserved 1048576K
}
Event: 12913.475 GC heap after
{Heap after GC invocations=21 (full 0):
 garbage-first heap   total 147456K, used 61635K [0x0000000600000000, 0x0000000800000000)
  region size 4096K, 1 young (4096K), 1 survivors (4096K)
 Metaspace       used 68785K, committed 70784K, reserved 1114112K
  class space    used 10090K, committed 11072K, reserved 1048576K
}
Event: 12914.037 GC heap before
{Heap before GC invocations=21 (full 0):
 garbage-first heap   total 147456K, used 65731K [0x0000000600000000, 0x0000000800000000)
  region size 4096K, 2 young (8192K), 1 survivors (4096K)
 Metaspace       used 68785K, committed 70784K, reserved 1114112K
  class space    used 10090K, committed 11072K, reserved 1048576K
}

