# JRE version: OpenJDK Runtime Environment Temurin-21.0.12.1+1 (21.0.12.1+1) (build 21.0.12.1+1-LTS)
# Java VM: OpenJDK 64-Bit Server VM Temurin-21.0.12.1+1 (21.0.12.1+1-LTS, mixed mode, sharing, tiered, compressed oops, compressed class ptrs, g1 gc, windows-amd64)
GC Precious Log:
 CardTable entry size: 512
 Card Set container configuration: InlinePtr #cards 4 size 8 Array Of Cards #cards 32 size 80 Howl #buckets 8 coarsen threshold 7372 Howl Bitmap #cards 1024 size 144 coarsen threshold 921 Card regions per heap region 1 cards per card region 8192
 CPUs: 8 total, 8 available
 Memory: 7886M
 Large Page Support: Disabled
 NUMA Support: Disabled
 Compressed Oops: Enabled (Zero based)
 Heap Region Size: 4M
 Heap Min Capacity: 8M
 Heap Initial Capacity: 124M
 Heap Max Capacity: 8G
 Pre-touch: Disabled
 Parallel Workers: 8
 Concurrent Workers: 2
 Concurrent Refinement Workers: 8
 Periodic GC: Disabled
Heap:
 garbage-first heap   total 110592K, used 78127K [0x0000000600000000, 0x0000000800000000)
  region size 4096K, 7 young (28672K), 2 survivors (8192K)
 Metaspace       used 68564K, committed 70592K, reserved 1114112K
  class space    used 10092K, committed 11072K, reserved 1048576K
GC Heap History (20 events):
Event: 53.062 GC heap before
{Heap before GC invocations=11 (full 0):
 garbage-first heap   total 98304K, used 79422K [0x0000000600000000, 0x0000000800000000)
  region size 4096K, 13 young (53248K), 2 survivors (8192K)
 Metaspace       used 42857K, committed 44480K, reserved 1114112K
  class space    used 6280K, committed 7040K, reserved 1048576K
}
Event: 53.080 GC heap after
{Heap after GC invocations=12 (full 0):
 garbage-first heap   total 98304K, used 36277K [0x0000000600000000, 0x0000000800000000)
  region size 4096K, 2 young (8192K), 2 survivors (8192K)
 Metaspace       used 42857K, committed 44480K, reserved 1114112K
  class space    used 6280K, committed 7040K, reserved 1048576K
}
Event: 64.579 GC heap before
{Heap before GC invocations=12 (full 0):
 garbage-first heap   total 98304K, used 81333K [0x0000000600000000, 0x0000000800000000)
  region size 4096K, 13 young (53248K), 2 survivors (8192K)
 Metaspace       used 47489K, committed 49152K, reserved 1114112K
  class space    used 7022K, committed 7808K, reserved 1048576K
}
Event: 64.613 GC heap after
{Heap after GC invocations=13 (full 0):
 garbage-first heap   total 98304K, used 37702K [0x0000000600000000, 0x0000000800000000)
  region size 4096K, 2 young (8192K), 2 survivors (8192K)
 Metaspace       used 47489K, committed 49152K, reserved 1114112K
  class space    used 7022K, committed 7808K, reserved 1048576K
}
Event: 75.743 GC heap before
{Heap before GC invocations=13 (full 0):
 garbage-first heap   total 98304K, used 82758K [0x0000000600000000, 0x0000000800000000)
  region size 4096K, 13 young (53248K), 2 survivors (8192K)
 Metaspace       used 49965K, committed 51712K, reserved 1114112K
  class space    used 7377K, committed 8256K, reserved 1048576K
}
Event: 75.776 GC heap after
{Heap after GC invocations=14 (full 0):
 garbage-first heap   total 98304K, used 40529K [0x0000000600000000, 0x0000000800000000)
  region size 4096K, 2 young (8192K), 2 survivors (8192K)
 Metaspace       used 49965K, committed 51712K, reserved 1114112K
  class space    used 7377K, committed 8256K, reserved 1048576K
}
Event: 83.491 GC heap before
{Heap before GC invocations=14 (full 0):
 garbage-first heap   total 98304K, used 85585K [0x0000000600000000, 0x0000000800000000)
  region size 4096K, 12 young (49152K), 2 survivors (8192K)
 Metaspace       used 53632K, committed 55488K, reserved 1114112K
  class space    used 7985K, committed 8896K, reserved 1048576K
}
Event: 83.507 GC heap after
{Heap after GC invocations=15 (full 0):
 garbage-first heap   total 102400K, used 49343K [0x0000000600000000, 0x0000000800000000)
  region size 4096K, 2 young (8192K), 2 survivors (8192K)
 Metaspace       used 53632K, committed 55488K, reserved 1114112K
  class space    used 7985K, committed 8896K, reserved 1048576K
}
Event: 87.324 GC heap before
{Heap before GC invocations=15 (full 0):
 garbage-first heap   total 102400K, used 86207K [0x0000000600000000, 0x0000000800000000)
  region size 4096K, 11 young (45056K), 2 survivors (8192K)
 Metaspace       used 58007K, committed 59904K, reserved 1114112K
  class space    used 8554K, committed 9472K, reserved 1048576K
}
Event: 87.338 GC heap after
{Heap after GC invocations=16 (full 0):
 garbage-first heap   total 102400K, used 51887K [0x0000000600000000, 0x0000000800000000)
  region size 4096K, 1 young (4096K), 1 survivors (4096K)
 Metaspace       used 58007K, committed 59904K, reserved 1114112K
  class space    used 8554K, committed 9472K, reserved 1048576K
}
Event: 87.506 GC heap before
{Heap before GC invocations=16 (full 0):
 garbage-first heap   total 102400K, used 51887K [0x0000000600000000, 0x0000000800000000)
  region size 4096K, 2 young (8192K), 1 survivors (4096K)
 Metaspace       used 58419K, committed 60288K, reserved 1114112K
  class space    used 8609K, committed 9536K, reserved 1048576K
}
Event: 87.519 GC heap after
{Heap after GC invocations=17 (full 0):
 garbage-first heap   total 102400K, used 51941K [0x0000000600000000, 0x0000000800000000)
  region size 4096K, 1 young (4096K), 1 survivors (4096K)
 Metaspace       used 58419K, committed 60288K, reserved 1114112K
  class space    used 8609K, committed 9536K, reserved 1048576K
}
Event: 89.636 GC heap before
{Heap before GC invocations=18 (full 0):
 garbage-first heap   total 102400K, used 80613K [0x0000000600000000, 0x0000000800000000)
  region size 4096K, 9 young (36864K), 1 survivors (4096K)
 Metaspace       used 60969K, committed 62912K, reserved 1114112K
  class space    used 8993K, committed 9920K, reserved 1048576K
}
Event: 89.642 GC heap after
{Heap after GC invocations=19 (full 0):
 garbage-first heap   total 102400K, used 53513K [0x0000000600000000, 0x0000000800000000)
  region size 4096K, 1 young (4096K), 1 survivors (4096K)
 Metaspace       used 60969K, committed 62912K, reserved 1114112K
  class space    used 8993K, committed 9920K, reserved 1048576K
}
Event: 92.641 GC heap before
{Heap before GC invocations=19 (full 0):
 garbage-first heap   total 102400K, used 94473K [0x0000000600000000, 0x0000000800000000)
  region size 4096K, 10 young (40960K), 1 survivors (4096K)
 Metaspace       used 63369K, committed 65344K, reserved 1114112K
  class space    used 9329K, committed 10304K, reserved 1048576K
}
Event: 92.649 GC heap after
{Heap after GC invocations=20 (full 0):
 garbage-first heap   total 106496K, used 57577K [0x0000000600000000, 0x0000000800000000)
  region size 4096K, 1 young (4096K), 1 survivors (4096K)
 Metaspace       used 63369K, committed 65344K, reserved 1114112K
  class space    used 9329K, committed 10304K, reserved 1048576K
}
Event: 97.485 GC heap before
{Heap before GC invocations=20 (full 0):
 garbage-first heap   total 106496K, used 90345K [0x0000000600000000, 0x0000000800000000)
  region size 4096K, 10 young (40960K), 1 survivors (4096K)
 Metaspace       used 65282K, committed 67200K, reserved 1114112K
  class space    used 9597K, committed 10560K, reserved 1048576K
}
Event: 97.497 GC heap after
{Heap after GC invocations=21 (full 0):
 garbage-first heap   total 106496K, used 61699K [0x0000000600000000, 0x0000000800000000)
  region size 4096K, 2 young (8192K), 2 survivors (8192K)
 Metaspace       used 65282K, committed 67200K, reserved 1114112K
  class space    used 9597K, committed 10560K, reserved 1048576K
}
Event: 100.285 GC heap before
{Heap before GC invocations=22 (full 0):
 garbage-first heap   total 110592K, used 90371K [0x0000000600000000, 0x0000000800000000)
  region size 4096K, 10 young (40960K), 2 survivors (8192K)
 Metaspace       used 67708K, committed 69696K, reserved 1114112K
  class space    used 9948K, committed 10944K, reserved 1048576K
}
Event: 100.295 GC heap after
{Heap after GC invocations=23 (full 0):
 garbage-first heap   total 110592K, used 61743K [0x0000000600000000, 0x0000000800000000)
  region size 4096K, 2 young (8192K), 2 survivors (8192K)
 Metaspace       used 67708K, committed 69696K, reserved 1114112K
  class space    used 9948K, committed 10944K, reserved 1048576K
}

