# JRE version: OpenJDK Runtime Environment Temurin-21.0.12.1+1 (21.0.12.1+1) (build 21.0.12.1+1-LTS)
# Java VM: OpenJDK 64-Bit Server VM Temurin-21.0.12.1+1 (21.0.12.1+1-LTS, mixed mode, sharing, tiered, compressed oops, compressed class ptrs, g1 gc, windows-amd64)
GC Precious Log:
 CardTable entry size: 512
 Card Set container configuration: InlinePtr #cards 4 size 8 Array Of Cards #cards 32 size 80 Howl #buckets 8 coarsen threshold 7372 Howl Bitmap #cards 1024 size 144 coarsen threshold 921 Card regions per heap region 1 cards per card region 8192
 CPUs: 8 total, 8 available
 Memory: 7886M
 Large Page Support: Disabled
 NUMA Support: Disabled
 Compressed Oops: Enabled (Zero based)
 Heap Region Size: 4M
 Heap Min Capacity: 8M
 Heap Initial Capacity: 124M
 Heap Max Capacity: 8G
 Pre-touch: Disabled
 Parallel Workers: 8
 Concurrent Workers: 2
 Concurrent Refinement Workers: 8
 Periodic GC: Disabled
Heap:
 garbage-first heap   total 151552K, used 60187K [0x0000000600000000, 0x0000000800000000)
  region size 4096K, 1 young (4096K), 1 survivors (4096K)
 Metaspace       used 66113K, committed 70784K, reserved 1114112K
  class space    used 9472K, committed 11072K, reserved 1048576K
GC Heap History (20 events):
Event: 201.883 GC heap after
{Heap after GC invocations=15 (full 0):
 garbage-first heap   total 126976K, used 51860K [0x0000000600000000, 0x0000000800000000)
  region size 4096K, 2 young (8192K), 2 survivors (8192K)
 Metaspace       used 58662K, committed 60608K, reserved 1114112K
  class space    used 8627K, committed 9600K, reserved 1048576K
}
Event: 232.203 GC heap before
{Heap before GC invocations=16 (full 0):
 garbage-first heap   total 126976K, used 113300K [0x0000000600000000, 0x0000000800000000)
  region size 4096K, 16 young (65536K), 2 survivors (8192K)
 Metaspace       used 62548K, committed 64512K, reserved 1114112K
  class space    used 9194K, committed 10176K, reserved 1048576K
}
Event: 232.258 GC heap after
{Heap after GC invocations=17 (full 0):
 garbage-first heap   total 126976K, used 57580K [0x0000000600000000, 0x0000000800000000)
  region size 4096K, 1 young (4096K), 1 survivors (4096K)
 Metaspace       used 62548K, committed 64512K, reserved 1114112K
  class space    used 9194K, committed 10176K, reserved 1048576K
}
Event: 333.374 GC heap before
{Heap before GC invocations=17 (full 0):
 garbage-first heap   total 126976K, used 110828K [0x0000000600000000, 0x0000000800000000)
  region size 4096K, 14 young (57344K), 1 survivors (4096K)
 Metaspace       used 65208K, committed 67136K, reserved 1114112K
  class space    used 9574K, committed 10496K, reserved 1048576K
}
Event: 333.483 GC heap after
{Heap after GC invocations=18 (full 0):
 garbage-first heap   total 126976K, used 61728K [0x0000000600000000, 0x0000000800000000)
  region size 4096K, 2 young (8192K), 2 survivors (8192K)
 Metaspace       used 65208K, committed 67136K, reserved 1114112K
  class space    used 9574K, committed 10496K, reserved 1048576K
}
Event: 392.179 GC heap before
{Heap before GC invocations=19 (full 0):
 garbage-first heap   total 126976K, used 110880K [0x0000000600000000, 0x0000000800000000)
  region size 4096K, 14 young (57344K), 2 survivors (8192K)
 Metaspace       used 68253K, committed 70272K, reserved 1114112K
  class space    used 10029K, committed 11008K, reserved 1048576K
}
Event: 392.538 GC heap after
{Heap after GC invocations=20 (full 0):
 garbage-first heap   total 126976K, used 62217K [0x0000000600000000, 0x0000000800000000)
  region size 4096K, 1 young (4096K), 1 survivors (4096K)
 Metaspace       used 68253K, committed 70272K, reserved 1114112K
  class space    used 10029K, committed 11008K, reserved 1048576K
}
Event: 12859.322 GC heap before
{Heap before GC invocations=20 (full 0):
 garbage-first heap   total 126976K, used 103177K [0x0000000600000000, 0x0000000800000000)
  region size 4096K, 11 young (45056K), 1 survivors (4096K)
 Metaspace       used 68590K, committed 70528K, reserved 1114112K
  class space    used 10067K, committed 11008K, reserved 1048576K
}
Event: 12859.518 GC heap after
{Heap after GC invocations=21 (full 0):
 garbage-first heap   total 126976K, used 62027K [0x0000000600000000, 0x0000000800000000)
  region size 4096K, 1 young (4096K), 1 survivors (4096K)
 Metaspace       used 68590K, committed 70528K, reserved 1114112K
  class space    used 10067K, committed 11008K, reserved 1048576K
}
Event: 12882.960 GC heap before
{Heap before GC invocations=21 (full 0):
 garbage-first heap   total 126976K, used 111179K [0x0000000600000000, 0x0000000800000000)
  region size 4096K, 13 young (53248K), 1 survivors (4096K)
 Metaspace       used 68723K, committed 70784K, reserved 1114112K
  class space    used 10079K, committed 11072K, reserved 1048576K
}
Event: 12883.549 GC heap after
{Heap after GC invocations=22 (full 0):
 garbage-first heap   total 126976K, used 61467K [0x0000000600000000, 0x0000000800000000)
  region size 4096K, 1 young (4096K), 1 survivors (4096K)
 Metaspace       used 68723K, committed 70784K, reserved 1114112K
  class space    used 10079K, committed 11072K, reserved 1048576K
}
Event: 12889.964 GC heap before
{Heap before GC invocations=23 (full 0):
 garbage-first heap   total 126976K, used 69659K [0x0000000600000000, 0x0000000800000000)
  region size 4096K, 3 young (12288K), 1 survivors (4096K)
 Metaspace       used 66107K, committed 70784K, reserved 1114112K
  class space    used 9470K, committed 11072K, reserved 1048576K
}
Event: 12889.979 GC heap after
{Heap after GC invocations=24 (full 0):
 garbage-first heap   total 126976K, used 61612K [0x0000000600000000, 0x0000000800000000)
  region size 4096K, 1 young (4096K), 1 survivors (4096K)
 Metaspace       used 66107K, committed 70784K, reserved 1114112K
  class space    used 9470K, committed 11072K, reserved 1048576K
}
Event: 12897.504 GC heap before
{Heap before GC invocations=24 (full 0):
 garbage-first heap   total 126976K, used 110764K [0x0000000600000000, 0x0000000800000000)
  region size 4096K, 13 young (53248K), 1 survivors (4096K)
 Metaspace       used 66113K, committed 70784K, reserved 1114112K
  class space    used 9472K, committed 11072K, reserved 1048576K
}
Event: 12900.881 GC heap after
{Heap after GC invocations=25 (full 0):
 garbage-first heap   total 126976K, used 60255K [0x0000000600000000, 0x0000000800000000)
  region size 4096K, 1 young (4096K), 1 survivors (4096K)
 Metaspace       used 66113K, committed 70784K, reserved 1114112K
  class space    used 9472K, committed 11072K, reserved 1048576K
}
Event: 12902.488 GC heap before
{Heap before GC invocations=25 (full 0):
 garbage-first heap   total 126976K, used 64351K [0x0000000600000000, 0x0000000800000000)
  region size 4096K, 2 young (8192K), 1 survivors (4096K)
 Metaspace       used 66113K, committed 70784K, reserved 1114112K
  class space    used 9472K, committed 11072K, reserved 1048576K
}
Event: 12904.350 GC heap after
{Heap after GC invocations=26 (full 0):
 garbage-first heap   total 126976K, used 60185K [0x0000000600000000, 0x0000000800000000)
  region size 4096K, 1 young (4096K), 1 survivors (4096K)
 Metaspace       used 66113K, committed 70784K, reserved 1114112K
  class space    used 9472K, committed 11072K, reserved 1048576K
}
Event: 12907.089 GC heap before
{Heap before GC invocations=26 (full 0):
 garbage-first heap   total 126976K, used 64281K [0x0000000600000000, 0x0000000800000000)
  region size 4096K, 2 young (8192K), 1 survivors (4096K)
 Metaspace       used 66113K, committed 70784K, reserved 1114112K
  class space    used 9472K, committed 11072K, reserved 1048576K
}
Event: 12909.025 GC heap after
{Heap after GC invocations=27 (full 0):
 garbage-first heap   total 126976K, used 60192K [0x0000000600000000, 0x0000000800000000)
  region size 4096K, 1 young (4096K), 1 survivors (4096K)
 Metaspace       used 66113K, committed 70784K, reserved 1114112K
  class space    used 9472K, committed 11072K, reserved 1048576K
}
Event: 12911.534 GC heap before
{Heap before GC invocations=27 (full 0):
 garbage-first heap   total 126976K, used 64288K [0x0000000600000000, 0x0000000800000000)
  region size 4096K, 2 young (8192K), 1 survivors (4096K)
 Metaspace       used 66113K, committed 70784K, reserved 1114112K
  class space    used 9472K, committed 11072K, reserved 1048576K
}

