# JRE version: OpenJDK Runtime Environment Temurin-21.0.12.1+1 (21.0.12.1+1) (build 21.0.12.1+1-LTS)
# Java VM: OpenJDK 64-Bit Server VM Temurin-21.0.12.1+1 (21.0.12.1+1-LTS, mixed mode, sharing, tiered, compressed oops, compressed class ptrs, g1 gc, windows-amd64)
GC Precious Log:
 CardTable entry size: 512
 Card Set container configuration: InlinePtr #cards 4 size 8 Array Of Cards #cards 32 size 80 Howl #buckets 8 coarsen threshold 7372 Howl Bitmap #cards 1024 size 144 coarsen threshold 921 Card regions per heap region 1 cards per card region 8192
 CPUs: 8 total, 8 available
 Memory: 7886M
 Large Page Support: Disabled
 NUMA Support: Disabled
 Compressed Oops: Enabled (Zero based)
 Heap Region Size: 4M
 Heap Min Capacity: 8M
 Heap Initial Capacity: 124M
 Heap Max Capacity: 8G
 Pre-touch: Disabled
 Parallel Workers: 8
 Concurrent Workers: 2
 Concurrent Refinement Workers: 8
 Periodic GC: Disabled
Heap:
 garbage-first heap   total 131072K, used 37851K [0x0000000600000000, 0x0000000800000000)
  region size 4096K, 1 young (4096K), 1 survivors (4096K)
 Metaspace       used 45123K, committed 46784K, reserved 1114112K
  class space    used 6486K, committed 7296K, reserved 1048576K
GC Heap History (20 events):
Event: 181.890 GC heap after
{Heap after GC invocations=7 (full 0):
 garbage-first heap   total 106496K, used 28808K [0x0000000600000000, 0x0000000800000000)
  region size 4096K, 2 young (8192K), 2 survivors (8192K)
 Metaspace       used 30455K, committed 31424K, reserved 1114112K
  class space    used 4445K, committed 4928K, reserved 1048576K
}
Event: 194.498 GC heap before
{Heap before GC invocations=7 (full 0):
 garbage-first heap   total 106496K, used 73864K [0x0000000600000000, 0x0000000800000000)
  region size 4096K, 15 young (61440K), 2 survivors (8192K)
 Metaspace       used 34957K, committed 35968K, reserved 1114112K
  class space    used 4952K, committed 5440K, reserved 1048576K
}
Event: 194.546 GC heap after
{Heap after GC invocations=8 (full 0):
 garbage-first heap   total 106496K, used 33240K [0x0000000600000000, 0x0000000800000000)
  region size 4096K, 2 young (8192K), 2 survivors (8192K)
 Metaspace       used 34957K, committed 35968K, reserved 1114112K
  class space    used 4952K, committed 5440K, reserved 1048576K
}
Event: 228.438 GC heap before
{Heap before GC invocations=9 (full 0):
 garbage-first heap   total 106496K, used 78296K [0x0000000600000000, 0x0000000800000000)
  region size 4096K, 14 young (57344K), 2 survivors (8192K)
 Metaspace       used 38083K, committed 39232K, reserved 1114112K
  class space    used 5339K, committed 5888K, reserved 1048576K
}
Event: 228.525 GC heap after
{Heap after GC invocations=10 (full 0):
 garbage-first heap   total 106496K, used 34917K [0x0000000600000000, 0x0000000800000000)
  region size 4096K, 2 young (8192K), 2 survivors (8192K)
 Metaspace       used 38083K, committed 39232K, reserved 1114112K
  class space    used 5339K, committed 5888K, reserved 1048576K
}
Event: 257.774 GC heap before
{Heap before GC invocations=10 (full 0):
 garbage-first heap   total 106496K, used 84069K [0x0000000600000000, 0x0000000800000000)
  region size 4096K, 14 young (57344K), 2 survivors (8192K)
 Metaspace       used 43384K, committed 44928K, reserved 1114112K
  class space    used 6220K, committed 6976K, reserved 1048576K
}
Event: 257.893 GC heap after
{Heap after GC invocations=11 (full 0):
 garbage-first heap   total 106496K, used 37421K [0x0000000600000000, 0x0000000800000000)
  region size 4096K, 1 young (4096K), 1 survivors (4096K)
 Metaspace       used 43384K, committed 44928K, reserved 1114112K
  class space    used 6220K, committed 6976K, reserved 1048576K
}
Event: 12668.913 GC heap before
{Heap before GC invocations=11 (full 0):
 garbage-first heap   total 106496K, used 90669K [0x0000000600000000, 0x0000000800000000)
  region size 4096K, 14 young (57344K), 1 survivors (4096K)
 Metaspace       used 43848K, committed 45376K, reserved 1114112K
  class space    used 6276K, committed 7040K, reserved 1048576K
}
Event: 12668.973 GC heap after
{Heap after GC invocations=12 (full 0):
 garbage-first heap   total 106496K, used 37521K [0x0000000600000000, 0x0000000800000000)
  region size 4096K, 2 young (8192K), 2 survivors (8192K)
 Metaspace       used 43848K, committed 45376K, reserved 1114112K
  class space    used 6276K, committed 7040K, reserved 1048576K
}
Event: 12703.661 GC heap before
{Heap before GC invocations=12 (full 0):
 garbage-first heap   total 106496K, used 86673K [0x0000000600000000, 0x0000000800000000)
  region size 4096K, 14 young (57344K), 2 survivors (8192K)
 Metaspace       used 44381K, committed 45952K, reserved 1114112K
  class space    used 6351K, committed 7104K, reserved 1048576K
}
Event: 12703.703 GC heap after
{Heap after GC invocations=13 (full 0):
 garbage-first heap   total 106496K, used 37611K [0x0000000600000000, 0x0000000800000000)
  region size 4096K, 2 young (8192K), 2 survivors (8192K)
 Metaspace       used 44381K, committed 45952K, reserved 1114112K
  class space    used 6351K, committed 7104K, reserved 1048576K
}
Event: 12733.670 GC heap before
{Heap before GC invocations=13 (full 0):
 garbage-first heap   total 106496K, used 90859K [0x0000000600000000, 0x0000000800000000)
  region size 4096K, 15 young (61440K), 2 survivors (8192K)
 Metaspace       used 45123K, committed 46784K, reserved 1114112K
  class space    used 6486K, committed 7296K, reserved 1048576K
}
Event: 12742.830 GC heap after
{Heap after GC invocations=14 (full 0):
 garbage-first heap   total 106496K, used 38022K [0x0000000600000000, 0x0000000800000000)
  region size 4096K, 2 young (8192K), 2 survivors (8192K)
 Metaspace       used 45123K, committed 46784K, reserved 1114112K
  class space    used 6486K, committed 7296K, reserved 1048576K
}
Event: 12743.054 GC heap before
{Heap before GC invocations=14 (full 0):
 garbage-first heap   total 106496K, used 42118K [0x0000000600000000, 0x0000000800000000)
  region size 4096K, 3 young (12288K), 2 survivors (8192K)
 Metaspace       used 45123K, committed 46784K, reserved 1114112K
  class space    used 6486K, committed 7296K, reserved 1048576K
}
Event: 12748.950 GC heap after
{Heap after GC invocations=15 (full 0):
 garbage-first heap   total 106496K, used 38107K [0x0000000600000000, 0x0000000800000000)
  region size 4096K, 1 young (4096K), 1 survivors (4096K)
 Metaspace       used 45123K, committed 46784K, reserved 1114112K
  class space    used 6486K, committed 7296K, reserved 1048576K
}
Event: 12749.855 GC heap before
{Heap before GC invocations=15 (full 0):
 garbage-first heap   total 106496K, used 42203K [0x0000000600000000, 0x0000000800000000)
  region size 4096K, 2 young (8192K), 1 survivors (4096K)
 Metaspace       used 45123K, committed 46784K, reserved 1114112K
  class space    used 6486K, committed 7296K, reserved 1048576K
}
Event: 12750.368 GC heap after
{Heap after GC invocations=16 (full 0):
 garbage-first heap   total 106496K, used 37956K [0x0000000600000000, 0x0000000800000000)
  region size 4096K, 1 young (4096K), 1 survivors (4096K)
 Metaspace       used 45123K, committed 46784K, reserved 1114112K
  class space    used 6486K, committed 7296K, reserved 1048576K
}
Event: 12750.857 GC heap before
{Heap before GC invocations=16 (full 0):
 garbage-first heap   total 106496K, used 42052K [0x0000000600000000, 0x0000000800000000)
  region size 4096K, 2 young (8192K), 1 survivors (4096K)
 Metaspace       used 45123K, committed 46784K, reserved 1114112K
  class space    used 6486K, committed 7296K, reserved 1048576K
}
Event: 12751.202 GC heap after
{Heap after GC invocations=17 (full 0):
 garbage-first heap   total 106496K, used 37875K [0x0000000600000000, 0x0000000800000000)
  region size 4096K, 1 young (4096K), 1 survivors (4096K)
 Metaspace       used 45123K, committed 46784K, reserved 1114112K
  class space    used 6486K, committed 7296K, reserved 1048576K
}
Event: 12751.434 GC heap before
{Heap before GC invocations=17 (full 0):
 garbage-first heap   total 106496K, used 41971K [0x0000000600000000, 0x0000000800000000)
  region size 4096K, 2 young (8192K), 1 survivors (4096K)
 Metaspace       used 45123K, committed 46784K, reserved 1114112K
  class space    used 6486K, committed 7296K, reserved 1048576K
}

