# JRE version: OpenJDK Runtime Environment Temurin-21.0.12.1+1 (21.0.12.1+1) (build 21.0.12.1+1-LTS)
# Java VM: OpenJDK 64-Bit Server VM Temurin-21.0.12.1+1 (21.0.12.1+1-LTS, mixed mode, sharing, tiered, compressed oops, compressed class ptrs, g1 gc, windows-amd64)
GC Precious Log:
 CardTable entry size: 512
 Card Set container configuration: InlinePtr #cards 4 size 8 Array Of Cards #cards 32 size 80 Howl #buckets 8 coarsen threshold 7372 Howl Bitmap #cards 1024 size 144 coarsen threshold 921 Card regions per heap region 1 cards per card region 8192
 CPUs: 8 total, 8 available
 Memory: 7886M
 Large Page Support: Disabled
 NUMA Support: Disabled
 Compressed Oops: Enabled (Zero based)
 Heap Region Size: 4M
 Heap Min Capacity: 8M
 Heap Initial Capacity: 124M
 Heap Max Capacity: 8G
 Pre-touch: Disabled
 Parallel Workers: 8
 Concurrent Workers: 2
 Concurrent Refinement Workers: 8
 Periodic GC: Disabled
Heap:
 garbage-first heap   total 110592K, used 87907K [0x0000000600000000, 0x0000000800000000)
  region size 4096K, 9 young (36864K), 2 survivors (8192K)
 Metaspace       used 70197K, committed 72256K, reserved 1114112K
  class space    used 10221K, committed 11200K, reserved 1048576K
GC Heap History (20 events):
Event: 88.927 GC heap before
{Heap before GC invocations=11 (full 0):
 garbage-first heap   total 98304K, used 79028K [0x0000000600000000, 0x0000000800000000)
  region size 4096K, 13 young (53248K), 2 survivors (8192K)
 Metaspace       used 43111K, committed 44736K, reserved 1114112K
  class space    used 6200K, committed 6976K, reserved 1048576K
}
Event: 88.953 GC heap after
{Heap after GC invocations=12 (full 0):
 garbage-first heap   total 98304K, used 36373K [0x0000000600000000, 0x0000000800000000)
  region size 4096K, 2 young (8192K), 2 survivors (8192K)
 Metaspace       used 43111K, committed 44736K, reserved 1114112K
  class space    used 6200K, committed 6976K, reserved 1048576K
}
Event: 94.897 GC heap before
{Heap before GC invocations=12 (full 0):
 garbage-first heap   total 98304K, used 77333K [0x0000000600000000, 0x0000000800000000)
  region size 4096K, 13 young (53248K), 2 survivors (8192K)
 Metaspace       used 45544K, committed 47232K, reserved 1114112K
  class space    used 6613K, committed 7424K, reserved 1048576K
}
Event: 94.915 GC heap after
{Heap after GC invocations=13 (full 0):
 garbage-first heap   total 98304K, used 38903K [0x0000000600000000, 0x0000000800000000)
  region size 4096K, 2 young (8192K), 2 survivors (8192K)
 Metaspace       used 45544K, committed 47232K, reserved 1114112K
  class space    used 6613K, committed 7424K, reserved 1048576K
}
Event: 113.954 GC heap before
{Heap before GC invocations=13 (full 0):
 garbage-first heap   total 98304K, used 79863K [0x0000000600000000, 0x0000000800000000)
  region size 4096K, 12 young (49152K), 2 survivors (8192K)
 Metaspace       used 49512K, committed 51264K, reserved 1114112K
  class space    used 7229K, committed 8064K, reserved 1048576K
}
Event: 113.992 GC heap after
{Heap after GC invocations=14 (full 0):
 garbage-first heap   total 98304K, used 40543K [0x0000000600000000, 0x0000000800000000)
  region size 4096K, 1 young (4096K), 1 survivors (4096K)
 Metaspace       used 49512K, committed 51264K, reserved 1114112K
  class space    used 7229K, committed 8064K, reserved 1048576K
}
Event: 126.968 GC heap before
{Heap before GC invocations=14 (full 0):
 garbage-first heap   total 98304K, used 81503K [0x0000000600000000, 0x0000000800000000)
  region size 4096K, 12 young (49152K), 1 survivors (4096K)
 Metaspace       used 51530K, committed 53312K, reserved 1114112K
  class space    used 7508K, committed 8384K, reserved 1048576K
}
Event: 126.989 GC heap after
{Heap after GC invocations=15 (full 0):
 garbage-first heap   total 98304K, used 42734K [0x0000000600000000, 0x0000000800000000)
  region size 4096K, 2 young (8192K), 2 survivors (8192K)
 Metaspace       used 51530K, committed 53312K, reserved 1114112K
  class space    used 7508K, committed 8384K, reserved 1048576K
}
Event: 133.283 GC heap before
{Heap before GC invocations=15 (full 0):
 garbage-first heap   total 98304K, used 83694K [0x0000000600000000, 0x0000000800000000)
  region size 4096K, 12 young (49152K), 2 survivors (8192K)
 Metaspace       used 55125K, committed 57024K, reserved 1114112K
  class space    used 8113K, committed 9024K, reserved 1048576K
}
Event: 133.311 GC heap after
{Heap after GC invocations=16 (full 0):
 garbage-first heap   total 102400K, used 51489K [0x0000000600000000, 0x0000000800000000)
  region size 4096K, 2 young (8192K), 2 survivors (8192K)
 Metaspace       used 55125K, committed 57024K, reserved 1114112K
  class space    used 8113K, committed 9024K, reserved 1048576K
}
Event: 136.185 GC heap before
{Heap before GC invocations=16 (full 0):
 garbage-first heap   total 102400K, used 76065K [0x0000000600000000, 0x0000000800000000)
  region size 4096K, 9 young (36864K), 2 survivors (8192K)
 Metaspace       used 58202K, committed 60096K, reserved 1114112K
  class space    used 8527K, committed 9472K, reserved 1048576K
}
Event: 136.208 GC heap after
{Heap after GC invocations=17 (full 0):
 garbage-first heap   total 102400K, used 53157K [0x0000000600000000, 0x0000000800000000)
  region size 4096K, 1 young (4096K), 1 survivors (4096K)
 Metaspace       used 58202K, committed 60096K, reserved 1114112K
  class space    used 8527K, committed 9472K, reserved 1048576K
}
Event: 141.789 GC heap before
{Heap before GC invocations=18 (full 0):
 garbage-first heap   total 102400K, used 90021K [0x0000000600000000, 0x0000000800000000)
  region size 4096K, 10 young (40960K), 1 survivors (4096K)
 Metaspace       used 61949K, committed 63936K, reserved 1114112K
  class space    used 9065K, committed 10048K, reserved 1048576K
}
Event: 141.799 GC heap after
{Heap after GC invocations=19 (full 0):
 garbage-first heap   total 102400K, used 54284K [0x0000000600000000, 0x0000000800000000)
  region size 4096K, 1 young (4096K), 1 survivors (4096K)
 Metaspace       used 61949K, committed 63936K, reserved 1114112K
  class space    used 9065K, committed 10048K, reserved 1048576K
}
Event: 148.829 GC heap before
{Heap before GC invocations=19 (full 0):
 garbage-first heap   total 102400K, used 91148K [0x0000000600000000, 0x0000000800000000)
  region size 4096K, 10 young (40960K), 1 survivors (4096K)
 Metaspace       used 64490K, committed 66432K, reserved 1114112K
  class space    used 9403K, committed 10368K, reserved 1048576K
}
Event: 148.853 GC heap after
{Heap after GC invocations=20 (full 0):
 garbage-first heap   total 106496K, used 59508K [0x0000000600000000, 0x0000000800000000)
  region size 4096K, 1 young (4096K), 1 survivors (4096K)
 Metaspace       used 64490K, committed 66432K, reserved 1114112K
  class space    used 9403K, committed 10368K, reserved 1048576K
}
Event: 157.216 GC heap before
{Heap before GC invocations=20 (full 0):
 garbage-first heap   total 106496K, used 96372K [0x0000000600000000, 0x0000000800000000)
  region size 4096K, 10 young (40960K), 1 survivors (4096K)
 Metaspace       used 66904K, committed 68864K, reserved 1114112K
  class space    used 9759K, committed 10752K, reserved 1048576K
}
Event: 157.243 GC heap after
{Heap after GC invocations=21 (full 0):
 garbage-first heap   total 106496K, used 62047K [0x0000000600000000, 0x0000000800000000)
  region size 4096K, 2 young (8192K), 2 survivors (8192K)
 Metaspace       used 66904K, committed 68864K, reserved 1114112K
  class space    used 9759K, committed 10752K, reserved 1048576K
}
Event: 168.857 GC heap before
{Heap before GC invocations=22 (full 0):
 garbage-first heap   total 110592K, used 90719K [0x0000000600000000, 0x0000000800000000)
  region size 4096K, 10 young (40960K), 2 survivors (8192K)
 Metaspace       used 68631K, committed 70656K, reserved 1114112K
  class space    used 10005K, committed 11008K, reserved 1048576K
}
Event: 168.878 GC heap after
{Heap after GC invocations=23 (full 0):
 garbage-first heap   total 110592K, used 63331K [0x0000000600000000, 0x0000000800000000)
  region size 4096K, 2 young (8192K), 2 survivors (8192K)
 Metaspace       used 68631K, committed 70656K, reserved 1114112K
  class space    used 10005K, committed 11008K, reserved 1048576K
}

