# JRE version: OpenJDK Runtime Environment Temurin-21.0.12.1+1 (21.0.12.1+1) (build 21.0.12.1+1-LTS)
# Java VM: OpenJDK 64-Bit Server VM Temurin-21.0.12.1+1 (21.0.12.1+1-LTS, mixed mode, sharing, tiered, compressed oops, compressed class ptrs, g1 gc, windows-amd64)
GC Precious Log:
 CardTable entry size: 512
 Card Set container configuration: InlinePtr #cards 4 size 8 Array Of Cards #cards 32 size 80 Howl #buckets 8 coarsen threshold 7372 Howl Bitmap #cards 1024 size 144 coarsen threshold 921 Card regions per heap region 1 cards per card region 8192
 CPUs: 8 total, 8 available
 Memory: 7886M
 Large Page Support: Disabled
 NUMA Support: Disabled
 Compressed Oops: Enabled (Zero based)
 Heap Region Size: 4M
 Heap Min Capacity: 8M
 Heap Initial Capacity: 124M
 Heap Max Capacity: 8G
 Pre-touch: Disabled
 Parallel Workers: 8
 Concurrent Workers: 2
 Concurrent Refinement Workers: 8
 Periodic GC: Disabled
Heap:
 garbage-first heap   total 303104K, used 180852K [0x0000000600000000, 0x0000000800000000)
  region size 4096K, 4 young (16384K), 2 survivors (8192K)
 Metaspace       used 124597K, committed 127040K, reserved 1179648K
  class space    used 17125K, committed 18304K, reserved 1048576K
GC Heap History (20 events):
Event: 610.372 GC heap before
{Heap before GC invocations=51 (full 0):
 garbage-first heap   total 245760K, used 201623K [0x0000000600000000, 0x0000000800000000)
  region size 4096K, 16 young (65536K), 2 survivors (8192K)
 Metaspace       used 114435K, committed 116864K, reserved 1179648K
  class space    used 15813K, committed 17024K, reserved 1048576K
}
Event: 610.420 GC heap after
{Heap after GC invocations=52 (full 0):
 garbage-first heap   total 245760K, used 146845K [0x0000000600000000, 0x0000000800000000)
  region size 4096K, 1 young (4096K), 1 survivors (4096K)
 Metaspace       used 114435K, committed 116864K, reserved 1179648K
  class space    used 15813K, committed 17024K, reserved 1048576K
}
Event: 618.706 GC heap before
{Heap before GC invocations=52 (full 0):
 garbage-first heap   total 245760K, used 167325K [0x0000000600000000, 0x0000000800000000)
  region size 4096K, 6 young (24576K), 1 survivors (4096K)
 Metaspace       used 114547K, committed 116992K, reserved 1179648K
  class space    used 15814K, committed 17024K, reserved 1048576K
}
Event: 618.756 GC heap after
{Heap after GC invocations=53 (full 0):
 garbage-first heap   total 245760K, used 147624K [0x0000000600000000, 0x0000000800000000)
  region size 4096K, 1 young (4096K), 1 survivors (4096K)
 Metaspace       used 114547K, committed 116992K, reserved 1179648K
  class space    used 15814K, committed 17024K, reserved 1048576K
}
Event: 624.402 GC heap before
{Heap before GC invocations=53 (full 0):
 garbage-first heap   total 245760K, used 168104K [0x0000000600000000, 0x0000000800000000)
  region size 4096K, 6 young (24576K), 1 survivors (4096K)
 Metaspace       used 114599K, committed 117056K, reserved 1179648K
  class space    used 15816K, committed 17024K, reserved 1048576K
}
Event: 624.437 GC heap after
{Heap after GC invocations=54 (full 0):
 garbage-first heap   total 245760K, used 147465K [0x0000000600000000, 0x0000000800000000)
  region size 4096K, 1 young (4096K), 1 survivors (4096K)
 Metaspace       used 114599K, committed 117056K, reserved 1179648K
  class space    used 15816K, committed 17024K, reserved 1048576K
}
Event: 639.005 GC heap before
{Heap before GC invocations=54 (full 0):
 garbage-first heap   total 245760K, used 184329K [0x0000000600000000, 0x0000000800000000)
  region size 4096K, 10 young (40960K), 1 survivors (4096K)
 Metaspace       used 115959K, committed 118464K, reserved 1179648K
  class space    used 15992K, committed 17216K, reserved 1048576K
}
Event: 639.060 GC heap after
{Heap after GC invocations=55 (full 0):
 garbage-first heap   total 245760K, used 150286K [0x0000000600000000, 0x0000000800000000)
  region size 4096K, 2 young (8192K), 2 survivors (8192K)
 Metaspace       used 115959K, committed 118464K, reserved 1179648K
  class space    used 15992K, committed 17216K, reserved 1048576K
}
Event: 659.866 GC heap before
{Heap before GC invocations=55 (full 0):
 garbage-first heap   total 245760K, used 195342K [0x0000000600000000, 0x0000000800000000)
  region size 4096K, 13 young (53248K), 2 survivors (8192K)
 Metaspace       used 118137K, committed 120576K, reserved 1179648K
  class space    used 16291K, committed 17472K, reserved 1048576K
}
Event: 659.951 GC heap after
{Heap after GC invocations=56 (full 0):
 garbage-first heap   total 245760K, used 152761K [0x0000000600000000, 0x0000000800000000)
  region size 4096K, 1 young (4096K), 1 survivors (4096K)
 Metaspace       used 118137K, committed 120576K, reserved 1179648K
  class space    used 16291K, committed 17472K, reserved 1048576K
}
Event: 691.532 GC heap before
{Heap before GC invocations=56 (full 0):
 garbage-first heap   total 245760K, used 222393K [0x0000000600000000, 0x0000000800000000)
  region size 4096K, 18 young (73728K), 1 survivors (4096K)
 Metaspace       used 122688K, committed 125120K, reserved 1179648K
  class space    used 16908K, committed 18112K, reserved 1048576K
}
Event: 691.737 GC heap after
{Heap after GC invocations=57 (full 0):
 garbage-first heap   total 245760K, used 154739K [0x0000000600000000, 0x0000000800000000)
  region size 4096K, 3 young (12288K), 3 survivors (12288K)
 Metaspace       used 122688K, committed 125120K, reserved 1179648K
  class space    used 16908K, committed 18112K, reserved 1048576K
}
Event: 737.047 GC heap before
{Heap before GC invocations=57 (full 0):
 garbage-first heap   total 245760K, used 216179K [0x0000000600000000, 0x0000000800000000)
  region size 4096K, 18 young (73728K), 3 survivors (12288K)
 Metaspace       used 124292K, committed 126720K, reserved 1179648K
  class space    used 17121K, committed 18304K, reserved 1048576K
}
Event: 737.143 GC heap after
{Heap after GC invocations=58 (full 0):
 garbage-first heap   total 245760K, used 162398K [0x0000000600000000, 0x0000000800000000)
  region size 4096K, 3 young (12288K), 3 survivors (12288K)
 Metaspace       used 124292K, committed 126720K, reserved 1179648K
  class space    used 17121K, committed 18304K, reserved 1048576K
}
Event: 802.993 GC heap before
{Heap before GC invocations=58 (full 0):
 garbage-first heap   total 245760K, used 223838K [0x0000000600000000, 0x0000000800000000)
  region size 4096K, 18 young (73728K), 3 survivors (12288K)
 Metaspace       used 124470K, committed 126912K, reserved 1179648K
  class space    used 17123K, committed 18304K, reserved 1048576K
}
Event: 803.226 GC heap after
{Heap after GC invocations=59 (full 0):
 garbage-first heap   total 245760K, used 169046K [0x0000000600000000, 0x0000000800000000)
  region size 4096K, 2 young (8192K), 2 survivors (8192K)
 Metaspace       used 124470K, committed 126912K, reserved 1179648K
  class space    used 17123K, committed 18304K, reserved 1048576K
}
Event: 828.622 GC heap before
{Heap before GC invocations=59 (full 0):
 garbage-first heap   total 245760K, used 222294K [0x0000000600000000, 0x0000000800000000)
  region size 4096K, 15 young (61440K), 2 survivors (8192K)
 Metaspace       used 124545K, committed 126976K, reserved 1179648K
  class space    used 17124K, committed 18304K, reserved 1048576K
}
Event: 828.692 GC heap after
{Heap after GC invocations=60 (full 0):
 garbage-first heap   total 245760K, used 172830K [0x0000000600000000, 0x0000000800000000)
  region size 4096K, 2 young (8192K), 2 survivors (8192K)
 Metaspace       used 124545K, committed 126976K, reserved 1179648K
  class space    used 17124K, committed 18304K, reserved 1048576K
}
Event: 848.319 GC heap before
{Heap before GC invocations=61 (full 0):
 garbage-first heap   total 303104K, used 217886K [0x0000000600000000, 0x0000000800000000)
  region size 4096K, 13 young (53248K), 2 survivors (8192K)
 Metaspace       used 124596K, committed 127040K, reserved 1179648K
  class space    used 17125K, committed 18304K, reserved 1048576K
}
Event: 848.369 GC heap after
{Heap after GC invocations=62 (full 0):
 garbage-first heap   total 303104K, used 176756K [0x0000000600000000, 0x0000000800000000)
  region size 4096K, 2 young (8192K), 2 survivors (8192K)
 Metaspace       used 124596K, committed 127040K, reserved 1179648K
  class space    used 17125K, committed 18304K, reserved 1048576K
}

