# JRE version: OpenJDK Runtime Environment Temurin-21.0.12.1+1 (21.0.12.1+1) (build 21.0.12.1+1-LTS)
# Java VM: OpenJDK 64-Bit Server VM Temurin-21.0.12.1+1 (21.0.12.1+1-LTS, mixed mode, sharing, tiered, compressed oops, compressed class ptrs, g1 gc, windows-amd64)
GC Precious Log:
 CardTable entry size: 512
 Card Set container configuration: InlinePtr #cards 4 size 8 Array Of Cards #cards 32 size 80 Howl #buckets 8 coarsen threshold 7372 Howl Bitmap #cards 1024 size 144 coarsen threshold 921 Card regions per heap region 1 cards per card region 8192
 CPUs: 8 total, 8 available
 Memory: 7886M
 Large Page Support: Disabled
 NUMA Support: Disabled
 Compressed Oops: Enabled (Zero based)
 Heap Region Size: 4M
 Heap Min Capacity: 8M
 Heap Initial Capacity: 124M
 Heap Max Capacity: 8G
 Pre-touch: Disabled
 Parallel Workers: 8
 Concurrent Workers: 2
 Concurrent Refinement Workers: 8
 Periodic GC: Disabled
Heap:
 garbage-first heap   total 225280K, used 137505K [0x0000000600000000, 0x0000000800000000)
  region size 4096K, 1 young (4096K), 1 survivors (4096K)
 Metaspace       used 107576K, committed 110016K, reserved 1179648K
  class space    used 15238K, committed 16448K, reserved 1048576K
GC Heap History (20 events):
Event: 485.841 GC heap after
{Heap after GC invocations=46 (full 0):
 garbage-first heap   total 172032K, used 104557K [0x0000000600000000, 0x0000000800000000)
  region size 4096K, 1 young (4096K), 1 survivors (4096K)
 Metaspace       used 90862K, committed 93056K, reserved 1179648K
  class space    used 12852K, committed 13952K, reserved 1048576K
}
Event: 514.920 GC heap before
{Heap before GC invocations=46 (full 0):
 garbage-first heap   total 172032K, used 149613K [0x0000000600000000, 0x0000000800000000)
  region size 4096K, 13 young (53248K), 1 survivors (4096K)
 Metaspace       used 92143K, committed 94336K, reserved 1179648K
  class space    used 13012K, committed 14144K, reserved 1048576K
}
Event: 515.012 GC heap after
{Heap after GC invocations=47 (full 0):
 garbage-first heap   total 172032K, used 107222K [0x0000000600000000, 0x0000000800000000)
  region size 4096K, 2 young (8192K), 2 survivors (8192K)
 Metaspace       used 92143K, committed 94336K, reserved 1179648K
  class space    used 13012K, committed 14144K, reserved 1048576K
}
Event: 530.608 GC heap before
{Heap before GC invocations=48 (full 0):
 garbage-first heap   total 184320K, used 152278K [0x0000000600000000, 0x0000000800000000)
  region size 4096K, 13 young (53248K), 2 survivors (8192K)
 Metaspace       used 95489K, committed 97728K, reserved 1179648K
  class space    used 13475K, committed 14592K, reserved 1048576K
}
Event: 530.636 GC heap after
{Heap after GC invocations=49 (full 0):
 garbage-first heap   total 184320K, used 110236K [0x0000000600000000, 0x0000000800000000)
  region size 4096K, 2 young (8192K), 2 survivors (8192K)
 Metaspace       used 95489K, committed 97728K, reserved 1179648K
  class space    used 13475K, committed 14592K, reserved 1048576K
}
Event: 551.755 GC heap before
{Heap before GC invocations=49 (full 0):
 garbage-first heap   total 184320K, used 163484K [0x0000000600000000, 0x0000000800000000)
  region size 4096K, 15 young (61440K), 2 survivors (8192K)
 Metaspace       used 99663K, committed 101952K, reserved 1179648K
  class space    used 14222K, committed 15360K, reserved 1048576K
}
Event: 552.413 GC heap after
{Heap after GC invocations=50 (full 0):
 garbage-first heap   total 184320K, used 110193K [0x0000000600000000, 0x0000000800000000)
  region size 4096K, 1 young (4096K), 1 survivors (4096K)
 Metaspace       used 99663K, committed 101952K, reserved 1179648K
  class space    used 14222K, committed 15360K, reserved 1048576K
}
Event: 577.895 GC heap before
{Heap before GC invocations=50 (full 0):
 garbage-first heap   total 184320K, used 167537K [0x0000000600000000, 0x0000000800000000)
  region size 4096K, 15 young (61440K), 1 survivors (4096K)
 Metaspace       used 103359K, committed 105664K, reserved 1179648K
  class space    used 14698K, committed 15872K, reserved 1048576K
}
Event: 577.987 GC heap after
{Heap after GC invocations=51 (full 0):
 garbage-first heap   total 184320K, used 111930K [0x0000000600000000, 0x0000000800000000)
  region size 4096K, 2 young (8192K), 2 survivors (8192K)
 Metaspace       used 103359K, committed 105664K, reserved 1179648K
  class space    used 14698K, committed 15872K, reserved 1048576K
}
Event: 611.780 GC heap before
{Heap before GC invocations=52 (full 0):
 garbage-first heap   total 192512K, used 169274K [0x0000000600000000, 0x0000000800000000)
  region size 4096K, 16 young (65536K), 2 survivors (8192K)
 Metaspace       used 104534K, committed 106944K, reserved 1179648K
  class space    used 14863K, committed 16064K, reserved 1048576K
}
Event: 611.937 GC heap after
{Heap after GC invocations=53 (full 0):
 garbage-first heap   total 192512K, used 117778K [0x0000000600000000, 0x0000000800000000)
  region size 4096K, 2 young (8192K), 2 survivors (8192K)
 Metaspace       used 104534K, committed 106944K, reserved 1179648K
  class space    used 14863K, committed 16064K, reserved 1048576K
}
Event: 612.731 GC heap before
{Heap before GC invocations=53 (full 0):
 garbage-first heap   total 192512K, used 121874K [0x0000000600000000, 0x0000000800000000)
  region size 4096K, 3 young (12288K), 2 survivors (8192K)
 Metaspace       used 104545K, committed 106944K, reserved 1179648K
  class space    used 14863K, committed 16064K, reserved 1048576K
}
Event: 612.830 GC heap after
{Heap after GC invocations=54 (full 0):
 garbage-first heap   total 192512K, used 119161K [0x0000000600000000, 0x0000000800000000)
  region size 4096K, 1 young (4096K), 1 survivors (4096K)
 Metaspace       used 104545K, committed 106944K, reserved 1179648K
  class space    used 14863K, committed 16064K, reserved 1048576K
}
Event: 619.980 GC heap before
{Heap before GC invocations=54 (full 0):
 garbage-first heap   total 192512K, used 168313K [0x0000000600000000, 0x0000000800000000)
  region size 4096K, 14 young (57344K), 1 survivors (4096K)
 Metaspace       used 104548K, committed 106944K, reserved 1179648K
  class space    used 14864K, committed 16064K, reserved 1048576K
}
Event: 620.001 GC heap after
{Heap after GC invocations=55 (full 0):
 garbage-first heap   total 192512K, used 120974K [0x0000000600000000, 0x0000000800000000)
  region size 4096K, 1 young (4096K), 1 survivors (4096K)
 Metaspace       used 104548K, committed 106944K, reserved 1179648K
  class space    used 14864K, committed 16064K, reserved 1048576K
}
Event: 637.267 GC heap before
{Heap before GC invocations=55 (full 0):
 garbage-first heap   total 192512K, used 174222K [0x0000000600000000, 0x0000000800000000)
  region size 4096K, 15 young (61440K), 1 survivors (4096K)
 Metaspace       used 105053K, committed 107392K, reserved 1179648K
  class space    used 14919K, committed 16064K, reserved 1048576K
}
Event: 637.608 GC heap after
{Heap after GC invocations=56 (full 0):
 garbage-first heap   total 192512K, used 124525K [0x0000000600000000, 0x0000000800000000)
  region size 4096K, 2 young (8192K), 2 survivors (8192K)
 Metaspace       used 105053K, committed 107392K, reserved 1179648K
  class space    used 14919K, committed 16064K, reserved 1048576K
}
Event: 694.184 GC heap before
{Heap before GC invocations=56 (full 0):
 garbage-first heap   total 192512K, used 173677K [0x0000000600000000, 0x0000000800000000)
  region size 4096K, 15 young (61440K), 2 survivors (8192K)
 Metaspace       used 107205K, committed 109632K, reserved 1179648K
  class space    used 15200K, committed 16384K, reserved 1048576K
}
Event: 694.282 GC heap after
{Heap after GC invocations=57 (full 0):
 garbage-first heap   total 196608K, used 134215K [0x0000000600000000, 0x0000000800000000)
  region size 4096K, 2 young (8192K), 2 survivors (8192K)
 Metaspace       used 107205K, committed 109632K, reserved 1179648K
  class space    used 15200K, committed 16384K, reserved 1048576K
}
Event: 714.088 GC heap before
{Heap before GC invocations=58 (full 0):
 garbage-first heap   total 225280K, used 142407K [0x0000000600000000, 0x0000000800000000)
  region size 4096K, 4 young (16384K), 2 survivors (8192K)
 Metaspace       used 107576K, committed 110016K, reserved 1179648K
  class space    used 15238K, committed 16448K, reserved 1048576K
}

