# JRE version: OpenJDK Runtime Environment Temurin-21.0.12.1+1 (21.0.12.1+1) (build 21.0.12.1+1-LTS)
# Java VM: OpenJDK 64-Bit Server VM Temurin-21.0.12.1+1 (21.0.12.1+1-LTS, mixed mode, sharing, tiered, compressed oops, compressed class ptrs, g1 gc, windows-amd64)
GC Precious Log:
 CardTable entry size: 512
 Card Set container configuration: InlinePtr #cards 4 size 8 Array Of Cards #cards 32 size 80 Howl #buckets 8 coarsen threshold 7372 Howl Bitmap #cards 1024 size 144 coarsen threshold 921 Card regions per heap region 1 cards per card region 8192
 CPUs: 8 total, 8 available
 Memory: 7886M
 Large Page Support: Disabled
 NUMA Support: Disabled
 Compressed Oops: Enabled (Zero based)
 Heap Region Size: 4M
 Heap Min Capacity: 8M
 Heap Initial Capacity: 124M
 Heap Max Capacity: 8G
 Pre-touch: Disabled
 Parallel Workers: 8
 Concurrent Workers: 2
 Concurrent Refinement Workers: 8
 Periodic GC: Disabled
Heap:
 garbage-first heap   total 233472K, used 142146K [0x0000000600000000, 0x0000000800000000)
  region size 4096K, 3 young (12288K), 1 survivors (4096K)
 Metaspace       used 113844K, committed 116224K, reserved 1179648K
  class space    used 15769K, committed 16960K, reserved 1048576K
GC Heap History (20 events):
Event: 218.196 GC heap before
{Heap before GC invocations=39 (full 0):
 garbage-first heap   total 180224K, used 161838K [0x0000000600000000, 0x0000000800000000)
  region size 4096K, 15 young (61440K), 1 survivors (4096K)
 Metaspace       used 93305K, committed 95488K, reserved 1179648K
  class space    used 13149K, committed 14208K, reserved 1048576K
}
Event: 218.227 GC heap after
{Heap after GC invocations=40 (full 0):
 garbage-first heap   total 180224K, used 108279K [0x0000000600000000, 0x0000000800000000)
  region size 4096K, 2 young (8192K), 2 survivors (8192K)
 Metaspace       used 93305K, committed 95488K, reserved 1179648K
  class space    used 13149K, committed 14208K, reserved 1048576K
}
Event: 227.429 GC heap before
{Heap before GC invocations=40 (full 0):
 garbage-first heap   total 180224K, used 161527K [0x0000000600000000, 0x0000000800000000)
  region size 4096K, 15 young (61440K), 2 survivors (8192K)
 Metaspace       used 97261K, committed 99520K, reserved 1179648K
  class space    used 13790K, committed 14912K, reserved 1048576K
}
Event: 227.452 GC heap after
{Heap after GC invocations=41 (full 0):
 garbage-first heap   total 180224K, used 108833K [0x0000000600000000, 0x0000000800000000)
  region size 4096K, 1 young (4096K), 1 survivors (4096K)
 Metaspace       used 97261K, committed 99520K, reserved 1179648K
  class space    used 13790K, committed 14912K, reserved 1048576K
}
Event: 237.930 GC heap before
{Heap before GC invocations=42 (full 0):
 garbage-first heap   total 192512K, used 162081K [0x0000000600000000, 0x0000000800000000)
  region size 4096K, 14 young (57344K), 1 survivors (4096K)
 Metaspace       used 100875K, committed 103104K, reserved 1179648K
  class space    used 14350K, committed 15424K, reserved 1048576K
}
Event: 237.941 GC heap after
{Heap after GC invocations=43 (full 0):
 garbage-first heap   total 192512K, used 110357K [0x0000000600000000, 0x0000000800000000)
  region size 4096K, 1 young (4096K), 1 survivors (4096K)
 Metaspace       used 100875K, committed 103104K, reserved 1179648K
  class space    used 14350K, committed 15424K, reserved 1048576K
}
Event: 249.266 GC heap before
{Heap before GC invocations=43 (full 0):
 garbage-first heap   total 192512K, used 175893K [0x0000000600000000, 0x0000000800000000)
  region size 4096K, 17 young (69632K), 1 survivors (4096K)
 Metaspace       used 104343K, committed 106624K, reserved 1179648K
  class space    used 14818K, committed 15936K, reserved 1048576K
}
Event: 249.370 GC heap after
{Heap after GC invocations=44 (full 0):
 garbage-first heap   total 192512K, used 114580K [0x0000000600000000, 0x0000000800000000)
  region size 4096K, 3 young (12288K), 3 survivors (12288K)
 Metaspace       used 104343K, committed 106624K, reserved 1179648K
  class space    used 14818K, committed 15936K, reserved 1048576K
}
Event: 256.505 GC heap before
{Heap before GC invocations=44 (full 0):
 garbage-first heap   total 192512K, used 167828K [0x0000000600000000, 0x0000000800000000)
  region size 4096K, 17 young (69632K), 3 survivors (12288K)
 Metaspace       used 104430K, committed 106688K, reserved 1179648K
  class space    used 14818K, committed 15936K, reserved 1048576K
}
Event: 256.551 GC heap after
{Heap after GC invocations=45 (full 0):
 garbage-first heap   total 192512K, used 118495K [0x0000000600000000, 0x0000000800000000)
  region size 4096K, 3 young (12288K), 3 survivors (12288K)
 Metaspace       used 104430K, committed 106688K, reserved 1179648K
  class space    used 14818K, committed 15936K, reserved 1048576K
}
Event: 266.558 GC heap before
{Heap before GC invocations=46 (full 0):
 garbage-first heap   total 204800K, used 171743K [0x0000000600000000, 0x0000000800000000)
  region size 4096K, 16 young (65536K), 3 survivors (12288K)
 Metaspace       used 104497K, committed 106816K, reserved 1179648K
  class space    used 14837K, committed 16000K, reserved 1048576K
}
Event: 266.599 GC heap after
{Heap after GC invocations=47 (full 0):
 garbage-first heap   total 204800K, used 117799K [0x0000000600000000, 0x0000000800000000)
  region size 4096K, 1 young (4096K), 1 survivors (4096K)
 Metaspace       used 104497K, committed 106816K, reserved 1179648K
  class space    used 14837K, committed 16000K, reserved 1048576K
}
Event: 286.232 GC heap before
{Heap before GC invocations=47 (full 0):
 garbage-first heap   total 204800K, used 179239K [0x0000000600000000, 0x0000000800000000)
  region size 4096K, 17 young (69632K), 1 survivors (4096K)
 Metaspace       used 105792K, committed 108096K, reserved 1179648K
  class space    used 15073K, committed 16192K, reserved 1048576K
}
Event: 286.298 GC heap after
{Heap after GC invocations=48 (full 0):
 garbage-first heap   total 204800K, used 128710K [0x0000000600000000, 0x0000000800000000)
  region size 4096K, 3 young (12288K), 3 survivors (12288K)
 Metaspace       used 105792K, committed 108096K, reserved 1179648K
  class space    used 15073K, committed 16192K, reserved 1048576K
}
Event: 318.508 GC heap before
{Heap before GC invocations=48 (full 0):
 garbage-first heap   total 204800K, used 177862K [0x0000000600000000, 0x0000000800000000)
  region size 4096K, 16 young (65536K), 3 survivors (12288K)
 Metaspace       used 110005K, committed 112384K, reserved 1179648K
  class space    used 15427K, committed 16576K, reserved 1048576K
}
Event: 319.407 GC heap after
{Heap after GC invocations=49 (full 0):
 garbage-first heap   total 204800K, used 135185K [0x0000000600000000, 0x0000000800000000)
  region size 4096K, 2 young (8192K), 2 survivors (8192K)
 Metaspace       used 110005K, committed 112384K, reserved 1179648K
  class space    used 15427K, committed 16576K, reserved 1048576K
}
Event: 320.438 GC heap before
{Heap before GC invocations=50 (full 0):
 garbage-first heap   total 233472K, used 139281K [0x0000000600000000, 0x0000000800000000)
  region size 4096K, 3 young (12288K), 2 survivors (8192K)
 Metaspace       used 110212K, committed 112576K, reserved 1179648K
  class space    used 15451K, committed 16640K, reserved 1048576K
}
Event: 320.451 GC heap after
{Heap after GC invocations=51 (full 0):
 garbage-first heap   total 233472K, used 135901K [0x0000000600000000, 0x0000000800000000)
  region size 4096K, 1 young (4096K), 1 survivors (4096K)
 Metaspace       used 110212K, committed 112576K, reserved 1179648K
  class space    used 15451K, committed 16640K, reserved 1048576K
}
Event: 364.431 GC heap before
{Heap before GC invocations=51 (full 0):
 garbage-first heap   total 233472K, used 205533K [0x0000000600000000, 0x0000000800000000)
  region size 4096K, 19 young (77824K), 1 survivors (4096K)
 Metaspace       used 113780K, committed 116160K, reserved 1179648K
  class space    used 15769K, committed 16960K, reserved 1048576K
}
Event: 364.506 GC heap after
{Heap after GC invocations=52 (full 0):
 garbage-first heap   total 233472K, used 138050K [0x0000000600000000, 0x0000000800000000)
  region size 4096K, 1 young (4096K), 1 survivors (4096K)
 Metaspace       used 113780K, committed 116160K, reserved 1179648K
  class space    used 15769K, committed 16960K, reserved 1048576K
}

