# JRE version: OpenJDK Runtime Environment Temurin-21.0.12.1+1 (21.0.12.1+1) (build 21.0.12.1+1-LTS)
# Java VM: OpenJDK 64-Bit Server VM Temurin-21.0.12.1+1 (21.0.12.1+1-LTS, mixed mode, sharing, tiered, compressed oops, compressed class ptrs, g1 gc, windows-amd64)
GC Precious Log:
 CardTable entry size: 512
 Card Set container configuration: InlinePtr #cards 4 size 8 Array Of Cards #cards 32 size 80 Howl #buckets 8 coarsen threshold 7372 Howl Bitmap #cards 1024 size 144 coarsen threshold 921 Card regions per heap region 1 cards per card region 8192
 CPUs: 8 total, 8 available
 Memory: 7886M
 Large Page Support: Disabled
 NUMA Support: Disabled
 Compressed Oops: Enabled (Zero based)
 Heap Region Size: 4M
 Heap Min Capacity: 8M
 Heap Initial Capacity: 124M
 Heap Max Capacity: 8G
 Pre-touch: Disabled
 Parallel Workers: 8
 Concurrent Workers: 2
 Concurrent Refinement Workers: 8
 Periodic GC: Disabled
Heap:
 garbage-first heap   total 126976K, used 80751K [0x0000000600000000, 0x0000000800000000)
  region size 4096K, 8 young (32768K), 2 survivors (8192K)
 Metaspace       used 67563K, committed 69504K, reserved 1114112K
  class space    used 9871K, committed 10816K, reserved 1048576K
GC Heap History (20 events):
Event: 63.561 GC heap before
{Heap before GC invocations=8 (full 0):
 garbage-first heap   total 98304K, used 40740K [0x0000000600000000, 0x0000000800000000)
  region size 4096K, 5 young (20480K), 2 survivors (8192K)
 Metaspace       used 34951K, committed 35968K, reserved 1114112K
  class space    used 4975K, committed 5440K, reserved 1048576K
}
Event: 63.972 GC heap after
{Heap after GC invocations=9 (full 0):
 garbage-first heap   total 98304K, used 33482K [0x0000000600000000, 0x0000000800000000)
  region size 4096K, 2 young (8192K), 2 survivors (8192K)
 Metaspace       used 34951K, committed 35968K, reserved 1114112K
  class space    used 4975K, committed 5440K, reserved 1048576K
}
Event: 65.309 GC heap before
{Heap before GC invocations=10 (full 0):
 garbage-first heap   total 98304K, used 37578K [0x0000000600000000, 0x0000000800000000)
  region size 4096K, 3 young (12288K), 2 survivors (8192K)
 Metaspace       used 35523K, committed 36672K, reserved 1114112K
  class space    used 5083K, committed 5632K, reserved 1048576K
}
Event: 65.331 GC heap after
{Heap after GC invocations=11 (full 0):
 garbage-first heap   total 98304K, used 33804K [0x0000000600000000, 0x0000000800000000)
  region size 4096K, 1 young (4096K), 1 survivors (4096K)
 Metaspace       used 35523K, committed 36672K, reserved 1114112K
  class space    used 5083K, committed 5632K, reserved 1048576K
}
Event: 76.003 GC heap before
{Heap before GC invocations=11 (full 0):
 garbage-first heap   total 98304K, used 78860K [0x0000000600000000, 0x0000000800000000)
  region size 4096K, 12 young (49152K), 1 survivors (4096K)
 Metaspace       used 38235K, committed 39424K, reserved 1114112K
  class space    used 5385K, committed 5952K, reserved 1048576K
}
Event: 76.028 GC heap after
{Heap after GC invocations=12 (full 0):
 garbage-first heap   total 98304K, used 34236K [0x0000000600000000, 0x0000000800000000)
  region size 4096K, 1 young (4096K), 1 survivors (4096K)
 Metaspace       used 38235K, committed 39424K, reserved 1114112K
  class space    used 5385K, committed 5952K, reserved 1048576K
}
Event: 82.400 GC heap before
{Heap before GC invocations=12 (full 0):
 garbage-first heap   total 98304K, used 83388K [0x0000000600000000, 0x0000000800000000)
  region size 4096K, 13 young (53248K), 1 survivors (4096K)
 Metaspace       used 43275K, committed 44800K, reserved 1114112K
  class space    used 6220K, committed 6976K, reserved 1048576K
}
Event: 82.415 GC heap after
{Heap after GC invocations=13 (full 0):
 garbage-first heap   total 98304K, used 36504K [0x0000000600000000, 0x0000000800000000)
  region size 4096K, 2 young (8192K), 2 survivors (8192K)
 Metaspace       used 43275K, committed 44800K, reserved 1114112K
  class space    used 6220K, committed 6976K, reserved 1048576K
}
Event: 89.883 GC heap before
{Heap before GC invocations=13 (full 0):
 garbage-first heap   total 98304K, used 81560K [0x0000000600000000, 0x0000000800000000)
  region size 4096K, 13 young (53248K), 2 survivors (8192K)
 Metaspace       used 46482K, committed 48192K, reserved 1114112K
  class space    used 6772K, committed 7616K, reserved 1048576K
}
Event: 89.905 GC heap after
{Heap after GC invocations=14 (full 0):
 garbage-first heap   total 118784K, used 38878K [0x0000000600000000, 0x0000000800000000)
  region size 4096K, 2 young (8192K), 2 survivors (8192K)
 Metaspace       used 46482K, committed 48192K, reserved 1114112K
  class space    used 6772K, committed 7616K, reserved 1048576K
}
Event: 111.952 GC heap before
{Heap before GC invocations=14 (full 0):
 garbage-first heap   total 118784K, used 100318K [0x0000000600000000, 0x0000000800000000)
  region size 4096K, 17 young (69632K), 2 survivors (8192K)
 Metaspace       used 50841K, committed 52608K, reserved 1114112K
  class space    used 7413K, committed 8320K, reserved 1048576K
}
Event: 111.972 GC heap after
{Heap after GC invocations=15 (full 0):
 garbage-first heap   total 118784K, used 44401K [0x0000000600000000, 0x0000000800000000)
  region size 4096K, 3 young (12288K), 3 survivors (12288K)
 Metaspace       used 50841K, committed 52608K, reserved 1114112K
  class space    used 7413K, committed 8320K, reserved 1048576K
}
Event: 120.743 GC heap before
{Heap before GC invocations=15 (full 0):
 garbage-first heap   total 118784K, used 97649K [0x0000000600000000, 0x0000000800000000)
  region size 4096K, 16 young (65536K), 3 survivors (12288K)
 Metaspace       used 55260K, committed 57152K, reserved 1114112K
  class space    used 8151K, committed 9088K, reserved 1048576K
}
Event: 120.775 GC heap after
{Heap after GC invocations=16 (full 0):
 garbage-first heap   total 122880K, used 53034K [0x0000000600000000, 0x0000000800000000)
  region size 4096K, 2 young (8192K), 2 survivors (8192K)
 Metaspace       used 55260K, committed 57152K, reserved 1114112K
  class space    used 8151K, committed 9088K, reserved 1048576K
}
Event: 123.736 GC heap before
{Heap before GC invocations=16 (full 0):
 garbage-first heap   total 122880K, used 77610K [0x0000000600000000, 0x0000000800000000)
  region size 4096K, 9 young (36864K), 2 survivors (8192K)
 Metaspace       used 58230K, committed 60096K, reserved 1114112K
  class space    used 8546K, committed 9472K, reserved 1048576K
}
Event: 123.751 GC heap after
{Heap after GC invocations=17 (full 0):
 garbage-first heap   total 122880K, used 52708K [0x0000000600000000, 0x0000000800000000)
  region size 4096K, 1 young (4096K), 1 survivors (4096K)
 Metaspace       used 58230K, committed 60096K, reserved 1114112K
  class space    used 8546K, committed 9472K, reserved 1048576K
}
Event: 132.826 GC heap before
{Heap before GC invocations=18 (full 0):
 garbage-first heap   total 122880K, used 105956K [0x0000000600000000, 0x0000000800000000)
  region size 4096K, 14 young (57344K), 1 survivors (4096K)
 Metaspace       used 63219K, committed 65216K, reserved 1114112K
  class space    used 9243K, committed 10240K, reserved 1048576K
}
Event: 132.837 GC heap after
{Heap after GC invocations=19 (full 0):
 garbage-first heap   total 122880K, used 54690K [0x0000000600000000, 0x0000000800000000)
  region size 4096K, 1 young (4096K), 1 survivors (4096K)
 Metaspace       used 63219K, committed 65216K, reserved 1114112K
  class space    used 9243K, committed 10240K, reserved 1048576K
}
Event: 143.474 GC heap before
{Heap before GC invocations=19 (full 0):
 garbage-first heap   total 122880K, used 112034K [0x0000000600000000, 0x0000000800000000)
  region size 4096K, 14 young (57344K), 1 survivors (4096K)
 Metaspace       used 66685K, committed 68736K, reserved 1114112K
  class space    used 9746K, committed 10752K, reserved 1048576K
}
Event: 143.545 GC heap after
{Heap after GC invocations=20 (full 0):
 garbage-first heap   total 126976K, used 60271K [0x0000000600000000, 0x0000000800000000)
  region size 4096K, 2 young (8192K), 2 survivors (8192K)
 Metaspace       used 66685K, committed 68736K, reserved 1114112K
  class space    used 9746K, committed 10752K, reserved 1048576K
}

