# JRE version: OpenJDK Runtime Environment Temurin-21.0.12.1+1 (21.0.12.1+1) (build 21.0.12.1+1-LTS)
# Java VM: OpenJDK 64-Bit Server VM Temurin-21.0.12.1+1 (21.0.12.1+1-LTS, mixed mode, sharing, tiered, compressed oops, compressed class ptrs, g1 gc, windows-amd64)
GC Precious Log:
 CardTable entry size: 512
 Card Set container configuration: InlinePtr #cards 4 size 8 Array Of Cards #cards 32 size 80 Howl #buckets 8 coarsen threshold 7372 Howl Bitmap #cards 1024 size 144 coarsen threshold 921 Card regions per heap region 1 cards per card region 8192
 CPUs: 8 total, 8 available
 Memory: 7886M
 Large Page Support: Disabled
 NUMA Support: Disabled
 Compressed Oops: Enabled (Zero based)
 Heap Region Size: 4M
 Heap Min Capacity: 8M
 Heap Initial Capacity: 124M
 Heap Max Capacity: 8G
 Pre-touch: Disabled
 Parallel Workers: 8
 Concurrent Workers: 2
 Concurrent Refinement Workers: 8
 Periodic GC: Disabled
Heap:
 garbage-first heap   total 811008K, used 35158K [0x0000000600000000, 0x0000000800000000)
  region size 4096K, 1 young (4096K), 1 survivors (4096K)
 Metaspace       used 39308K, committed 40640K, reserved 1114112K
  class space    used 5508K, committed 6144K, reserved 1048576K
GC Heap History (20 events):
Event: 12738.087 GC heap after
{Heap after GC invocations=14 (full 0):
 garbage-first heap   total 106496K, used 35142K [0x0000000600000000, 0x0000000800000000)
  region size 4096K, 1 young (4096K), 1 survivors (4096K)
 Metaspace       used 39266K, committed 40512K, reserved 1114112K
  class space    used 5506K, committed 6144K, reserved 1048576K
}
Event: 12738.213 GC heap before
{Heap before GC invocations=14 (full 0):
 garbage-first heap   total 106496K, used 39238K [0x0000000600000000, 0x0000000800000000)
  region size 4096K, 2 young (8192K), 1 survivors (4096K)
 Metaspace       used 39266K, committed 40512K, reserved 1114112K
  class space    used 5506K, committed 6144K, reserved 1048576K
}
Event: 12738.436 GC heap after
{Heap after GC invocations=15 (full 0):
 garbage-first heap   total 106496K, used 35125K [0x0000000600000000, 0x0000000800000000)
  region size 4096K, 1 young (4096K), 1 survivors (4096K)
 Metaspace       used 39266K, committed 40512K, reserved 1114112K
  class space    used 5506K, committed 6144K, reserved 1048576K
}
Event: 12738.559 GC heap before
{Heap before GC invocations=15 (full 0):
 garbage-first heap   total 106496K, used 39221K [0x0000000600000000, 0x0000000800000000)
  region size 4096K, 2 young (8192K), 1 survivors (4096K)
 Metaspace       used 39266K, committed 40512K, reserved 1114112K
  class space    used 5506K, committed 6144K, reserved 1048576K
}
Event: 12740.395 GC heap after
{Heap after GC invocations=16 (full 0):
 garbage-first heap   total 270336K, used 35117K [0x0000000600000000, 0x0000000800000000)
  region size 4096K, 1 young (4096K), 1 survivors (4096K)
 Metaspace       used 39266K, committed 40512K, reserved 1114112K
  class space    used 5506K, committed 6144K, reserved 1048576K
}
Event: 12740.582 GC heap before
{Heap before GC invocations=16 (full 0):
 garbage-first heap   total 270336K, used 43309K [0x0000000600000000, 0x0000000800000000)
  region size 4096K, 3 young (12288K), 1 survivors (4096K)
 Metaspace       used 39266K, committed 40512K, reserved 1114112K
  class space    used 5506K, committed 6144K, reserved 1048576K
}
Event: 12740.817 GC heap after
{Heap after GC invocations=17 (full 0):
 garbage-first heap   total 270336K, used 35223K [0x0000000600000000, 0x0000000800000000)
  region size 4096K, 1 young (4096K), 1 survivors (4096K)
 Metaspace       used 39266K, committed 40512K, reserved 1114112K
  class space    used 5506K, committed 6144K, reserved 1048576K
}
Event: 12740.975 GC heap before
{Heap before GC invocations=17 (full 0):
 garbage-first heap   total 270336K, used 43415K [0x0000000600000000, 0x0000000800000000)
  region size 4096K, 3 young (12288K), 1 survivors (4096K)
 Metaspace       used 39266K, committed 40512K, reserved 1114112K
  class space    used 5506K, committed 6144K, reserved 1048576K
}
Event: 12741.091 GC heap after
{Heap after GC invocations=18 (full 0):
 garbage-first heap   total 270336K, used 35109K [0x0000000600000000, 0x0000000800000000)
  region size 4096K, 1 young (4096K), 1 survivors (4096K)
 Metaspace       used 39266K, committed 40512K, reserved 1114112K
  class space    used 5506K, committed 6144K, reserved 1048576K
}
Event: 12741.553 GC heap before
{Heap before GC invocations=18 (full 0):
 garbage-first heap   total 270336K, used 43301K [0x0000000600000000, 0x0000000800000000)
  region size 4096K, 3 young (12288K), 1 survivors (4096K)
 Metaspace       used 39266K, committed 40512K, reserved 1114112K
  class space    used 5506K, committed 6144K, reserved 1048576K
}
Event: 12741.696 GC heap after
{Heap after GC invocations=19 (full 0):
 garbage-first heap   total 270336K, used 35095K [0x0000000600000000, 0x0000000800000000)
  region size 4096K, 1 young (4096K), 1 survivors (4096K)
 Metaspace       used 39266K, committed 40512K, reserved 1114112K
  class space    used 5506K, committed 6144K, reserved 1048576K
}
Event: 12741.996 GC heap before
{Heap before GC invocations=19 (full 0):
 garbage-first heap   total 270336K, used 43287K [0x0000000600000000, 0x0000000800000000)
  region size 4096K, 3 young (12288K), 1 survivors (4096K)
 Metaspace       used 39266K, committed 40512K, reserved 1114112K
  class space    used 5506K, committed 6144K, reserved 1048576K
}
Event: 12742.707 GC heap after
{Heap after GC invocations=20 (full 0):
 garbage-first heap   total 811008K, used 35114K [0x0000000600000000, 0x0000000800000000)
  region size 4096K, 1 young (4096K), 1 survivors (4096K)
 Metaspace       used 39266K, committed 40512K, reserved 1114112K
  class space    used 5506K, committed 6144K, reserved 1048576K
}
Event: 12745.155 GC heap before
{Heap before GC invocations=20 (full 0):
 garbage-first heap   total 811008K, used 67882K [0x0000000600000000, 0x0000000800000000)
  region size 4096K, 9 young (36864K), 1 survivors (4096K)
 Metaspace       used 39280K, committed 40512K, reserved 1114112K
  class space    used 5507K, committed 6144K, reserved 1048576K
}
Event: 12746.348 GC heap after
{Heap after GC invocations=21 (full 0):
 garbage-first heap   total 811008K, used 35161K [0x0000000600000000, 0x0000000800000000)
  region size 4096K, 1 young (4096K), 1 survivors (4096K)
 Metaspace       used 39280K, committed 40512K, reserved 1114112K
  class space    used 5507K, committed 6144K, reserved 1048576K
}
Event: 12749.881 GC heap before
{Heap before GC invocations=21 (full 0):
 garbage-first heap   total 811008K, used 63833K [0x0000000600000000, 0x0000000800000000)
  region size 4096K, 9 young (36864K), 1 survivors (4096K)
 Metaspace       used 39302K, committed 40640K, reserved 1114112K
  class space    used 5507K, committed 6144K, reserved 1048576K
}
Event: 12751.086 GC heap after
{Heap after GC invocations=22 (full 0):
 garbage-first heap   total 811008K, used 35213K [0x0000000600000000, 0x0000000800000000)
  region size 4096K, 1 young (4096K), 1 survivors (4096K)
 Metaspace       used 39302K, committed 40640K, reserved 1114112K
  class space    used 5507K, committed 6144K, reserved 1048576K
}
Event: 12751.770 GC heap before
{Heap before GC invocations=22 (full 0):
 garbage-first heap   total 811008K, used 67981K [0x0000000600000000, 0x0000000800000000)
  region size 4096K, 9 young (36864K), 1 survivors (4096K)
 Metaspace       used 39305K, committed 40640K, reserved 1114112K
  class space    used 5507K, committed 6144K, reserved 1048576K
}
Event: 12751.879 GC heap after
{Heap after GC invocations=23 (full 0):
 garbage-first heap   total 811008K, used 35243K [0x0000000600000000, 0x0000000800000000)
  region size 4096K, 1 young (4096K), 1 survivors (4096K)
 Metaspace       used 39305K, committed 40640K, reserved 1114112K
  class space    used 5507K, committed 6144K, reserved 1048576K
}
Event: 12753.137 GC heap before
{Heap before GC invocations=23 (full 0):
 garbage-first heap   total 811008K, used 68011K [0x0000000600000000, 0x0000000800000000)
  region size 4096K, 9 young (36864K), 1 survivors (4096K)
 Metaspace       used 39308K, committed 40640K, reserved 1114112K
  class space    used 5508K, committed 6144K, reserved 1048576K
}

