# JRE version: OpenJDK Runtime Environment Temurin-21.0.12.1+1 (21.0.12.1+1) (build 21.0.12.1+1-LTS)
# Java VM: OpenJDK 64-Bit Server VM Temurin-21.0.12.1+1 (21.0.12.1+1-LTS, mixed mode, sharing, tiered, compressed oops, compressed class ptrs, g1 gc, windows-amd64)
GC Precious Log:
 CardTable entry size: 512
 Card Set container configuration: InlinePtr #cards 4 size 8 Array Of Cards #cards 32 size 80 Howl #buckets 8 coarsen threshold 7372 Howl Bitmap #cards 1024 size 144 coarsen threshold 921 Card regions per heap region 1 cards per card region 8192
 CPUs: 8 total, 8 available
 Memory: 7886M
 Large Page Support: Disabled
 NUMA Support: Disabled
 Compressed Oops: Enabled (Zero based)
 Heap Region Size: 4M
 Heap Min Capacity: 8M
 Heap Initial Capacity: 124M
 Heap Max Capacity: 8G
 Pre-touch: Disabled
 Parallel Workers: 8
 Concurrent Workers: 2
 Concurrent Refinement Workers: 8
 Periodic GC: Disabled
Heap:
 garbage-first heap   total 114688K, used 60015K [0x0000000600000000, 0x0000000800000000)
  region size 4096K, 1 young (4096K), 1 survivors (4096K)
 Metaspace       used 66855K, committed 68800K, reserved 1114112K
  class space    used 9782K, committed 10752K, reserved 1048576K
GC Heap History (20 events):
Event: 408.834 GC heap after
{Heap after GC invocations=17 (full 0):
 garbage-first heap   total 102400K, used 41969K [0x0000000600000000, 0x0000000800000000)
  region size 4096K, 2 young (8192K), 2 survivors (8192K)
 Metaspace       used 49394K, committed 51072K, reserved 1114112K
  class space    used 7235K, committed 8064K, reserved 1048576K
}
Event: 452.504 GC heap before
{Heap before GC invocations=17 (full 0):
 garbage-first heap   total 102400K, used 87025K [0x0000000600000000, 0x0000000800000000)
  region size 4096K, 13 young (53248K), 2 survivors (8192K)
 Metaspace       used 53179K, committed 55040K, reserved 1114112K
  class space    used 7887K, committed 8768K, reserved 1048576K
}
Event: 452.589 GC heap after
{Heap after GC invocations=18 (full 0):
 garbage-first heap   total 102400K, used 45139K [0x0000000600000000, 0x0000000800000000)
  region size 4096K, 2 young (8192K), 2 survivors (8192K)
 Metaspace       used 53179K, committed 55040K, reserved 1114112K
  class space    used 7887K, committed 8768K, reserved 1048576K
}
Event: 491.559 GC heap before
{Heap before GC invocations=18 (full 0):
 garbage-first heap   total 102400K, used 90195K [0x0000000600000000, 0x0000000800000000)
  region size 4096K, 12 young (49152K), 2 survivors (8192K)
 Metaspace       used 57333K, committed 59200K, reserved 1114112K
  class space    used 8446K, committed 9344K, reserved 1048576K
}
Event: 491.602 GC heap after
{Heap after GC invocations=19 (full 0):
 garbage-first heap   total 106496K, used 51151K [0x0000000600000000, 0x0000000800000000)
  region size 4096K, 1 young (4096K), 1 survivors (4096K)
 Metaspace       used 57333K, committed 59200K, reserved 1114112K
  class space    used 8446K, committed 9344K, reserved 1048576K
}
Event: 496.762 GC heap before
{Heap before GC invocations=19 (full 0):
 garbage-first heap   total 106496K, used 55247K [0x0000000600000000, 0x0000000800000000)
  region size 4096K, 3 young (12288K), 1 survivors (4096K)
 Metaspace       used 58242K, committed 60096K, reserved 1114112K
  class space    used 8560K, committed 9472K, reserved 1048576K
}
Event: 496.804 GC heap after
{Heap after GC invocations=20 (full 0):
 garbage-first heap   total 106496K, used 51369K [0x0000000600000000, 0x0000000800000000)
  region size 4096K, 1 young (4096K), 1 survivors (4096K)
 Metaspace       used 58242K, committed 60096K, reserved 1114112K
  class space    used 8560K, committed 9472K, reserved 1048576K
}
Event: 573.557 GC heap before
{Heap before GC invocations=21 (full 0):
 garbage-first heap   total 106496K, used 88233K [0x0000000600000000, 0x0000000800000000)
  region size 4096K, 10 young (40960K), 1 survivors (4096K)
 Metaspace       used 61311K, committed 63168K, reserved 1114112K
  class space    used 9005K, committed 9920K, reserved 1048576K
}
Event: 573.628 GC heap after
{Heap after GC invocations=22 (full 0):
 garbage-first heap   total 106496K, used 53263K [0x0000000600000000, 0x0000000800000000)
  region size 4096K, 1 young (4096K), 1 survivors (4096K)
 Metaspace       used 61311K, committed 63168K, reserved 1114112K
  class space    used 9005K, committed 9920K, reserved 1048576K
}
Event: 599.097 GC heap before
{Heap before GC invocations=22 (full 0):
 garbage-first heap   total 106496K, used 98319K [0x0000000600000000, 0x0000000800000000)
  region size 4096K, 11 young (45056K), 1 survivors (4096K)
 Metaspace       used 63880K, committed 65792K, reserved 1114112K
  class space    used 9360K, committed 10304K, reserved 1048576K
}
Event: 599.140 GC heap after
{Heap after GC invocations=23 (full 0):
 garbage-first heap   total 110592K, used 57828K [0x0000000600000000, 0x0000000800000000)
  region size 4096K, 2 young (8192K), 2 survivors (8192K)
 Metaspace       used 63880K, committed 65792K, reserved 1114112K
  class space    used 9360K, committed 10304K, reserved 1048576K
}
Event: 686.932 GC heap before
{Heap before GC invocations=23 (full 0):
 garbage-first heap   total 110592K, used 94692K [0x0000000600000000, 0x0000000800000000)
  region size 4096K, 12 young (49152K), 2 survivors (8192K)
 Metaspace       used 65551K, committed 67520K, reserved 1114112K
  class space    used 9597K, committed 10560K, reserved 1048576K
}
Event: 687.151 GC heap after
{Heap after GC invocations=24 (full 0):
 garbage-first heap   total 114688K, used 60070K [0x0000000600000000, 0x0000000800000000)
  region size 4096K, 2 young (8192K), 2 survivors (8192K)
 Metaspace       used 65551K, committed 67520K, reserved 1114112K
  class space    used 9597K, committed 10560K, reserved 1048576K
}
Event: 13128.567 GC heap before
{Heap before GC invocations=25 (full 0):
 garbage-first heap   total 114688K, used 101030K [0x0000000600000000, 0x0000000800000000)
  region size 4096K, 12 young (49152K), 2 survivors (8192K)
 Metaspace       used 66807K, committed 68800K, reserved 1114112K
  class space    used 9776K, committed 10752K, reserved 1048576K
}
Event: 13129.181 GC heap after
{Heap after GC invocations=26 (full 0):
 garbage-first heap   total 114688K, used 60859K [0x0000000600000000, 0x0000000800000000)
  region size 4096K, 2 young (8192K), 2 survivors (8192K)
 Metaspace       used 66807K, committed 68800K, reserved 1114112K
  class space    used 9776K, committed 10752K, reserved 1048576K
}
Event: 13135.534 GC heap before
{Heap before GC invocations=26 (full 0):
 garbage-first heap   total 114688K, used 64955K [0x0000000600000000, 0x0000000800000000)
  region size 4096K, 3 young (12288K), 2 survivors (8192K)
 Metaspace       used 66817K, committed 68800K, reserved 1114112K
  class space    used 9777K, committed 10752K, reserved 1048576K
}
Event: 13135.865 GC heap after
{Heap after GC invocations=27 (full 0):
 garbage-first heap   total 114688K, used 60262K [0x0000000600000000, 0x0000000800000000)
  region size 4096K, 1 young (4096K), 1 survivors (4096K)
 Metaspace       used 66817K, committed 68800K, reserved 1114112K
  class space    used 9777K, committed 10752K, reserved 1048576K
}
Event: 13164.721 GC heap before
{Heap before GC invocations=27 (full 0):
 garbage-first heap   total 114688K, used 101222K [0x0000000600000000, 0x0000000800000000)
  region size 4096K, 11 young (45056K), 1 survivors (4096K)
 Metaspace       used 66854K, committed 68800K, reserved 1114112K
  class space    used 9782K, committed 10752K, reserved 1048576K
}
Event: 13181.891 GC heap after
{Heap after GC invocations=28 (full 0):
 garbage-first heap   total 114688K, used 60067K [0x0000000600000000, 0x0000000800000000)
  region size 4096K, 1 young (4096K), 1 survivors (4096K)
 Metaspace       used 66854K, committed 68800K, reserved 1114112K
  class space    used 9782K, committed 10752K, reserved 1048576K
}
Event: 13182.312 GC heap before
{Heap before GC invocations=28 (full 0):
 garbage-first heap   total 114688K, used 64163K [0x0000000600000000, 0x0000000800000000)
  region size 4096K, 2 young (8192K), 1 survivors (4096K)
 Metaspace       used 66855K, committed 68800K, reserved 1114112K
  class space    used 9782K, committed 10752K, reserved 1048576K
}

